#================================================================================================
# Timoshenko 6x6 from 2-D SOLID cross-section  --  OpenSG-FEniCSx (dolfinx FE Mechanics of Structure Genome)
# convention (VABS/OpenSG order): 1=extension, 2-3=transverse shear, 4=torsion, 5-6=bending
#                                 diag([K]) = [EA, GA2, GA3, GJ, EI2, EI3];  units SI
# each station lists the homogenization wall-time, the 6x6 stiffness [K], and [S]=inv([K])
# stations: 14    total homogenization wall-time: 204.5 s
#================================================================================================

=============== station iea_r0000     r = 0.0000 ===============
source: OpenSG-FEniCSx (dolfinx FE Mechanics of Structure Genome)
homogenization wall-time: 31.50 s
diag([K]) [EA GA2 GA3 GJ EI2 EI3] = 6.433653e+10  7.909316e+09  8.365092e+09  1.973569e+11  2.967086e+11  7.353155e+11

Stiffness [K]:
   6.4336532293e+10   0.0000000000e+00   0.0000000000e+00   0.0000000000e+00   4.2851885270e+09  -1.8226968501e+11
   0.0000000000e+00   7.9093159290e+09   8.9266638000e+07   1.8381068400e+08   0.0000000000e+00   0.0000000000e+00
   0.0000000000e+00   8.9266638000e+07   8.3650922690e+09   2.4258824294e+10   0.0000000000e+00   0.0000000000e+00
   0.0000000000e+00   1.8381068400e+08   2.4258824294e+10   1.9735688348e+11   0.0000000000e+00   0.0000000000e+00
   4.2851885270e+09   0.0000000000e+00   0.0000000000e+00   0.0000000000e+00   2.9670861750e+11  -2.6085384846e+10
  -1.8226968501e+11   0.0000000000e+00   0.0000000000e+00   0.0000000000e+00  -2.6085384846e+10   7.3531549956e+11

Compliance [S] = inv([K]):
   5.2247906860e-11  -0.0000000000e+00  -0.0000000000e+00  -0.0000000000e+00   3.8523008470e-13   1.2964854415e-11
   0.0000000000e+00   1.2644912321e-10  -1.5661090080e-12   7.4733970067e-14   0.0000000000e+00   0.0000000000e+00
   0.0000000000e+00  -1.5661090080e-12   1.8578139099e-10  -2.2834522789e-11   0.0000000000e+00   0.0000000000e+00
  -0.0000000000e+00   7.4733970067e-14  -2.2834522789e-11   7.8736799641e-12  -0.0000000000e+00  -0.0000000000e+00
   3.8523008470e-13   0.0000000000e+00   0.0000000000e+00   0.0000000000e+00   3.3836945612e-12   2.1552754038e-13
   1.2964854415e-11   0.0000000000e+00   0.0000000000e+00   0.0000000000e+00   2.1552754038e-13   4.5813287647e-12

=============== station iea_r0020     r = 0.0200 ===============
source: OpenSG-FEniCSx (dolfinx FE Mechanics of Structure Genome)
homogenization wall-time: 31.90 s
diag([K]) [EA GA2 GA3 GJ EI2 EI3] = 6.435317e+10  7.909377e+09  8.366277e+09  1.973643e+11  2.967160e+11  7.353967e+11

Stiffness [K]:
   6.4353170698e+10   0.0000000000e+00   0.0000000000e+00   0.0000000000e+00   4.2852200700e+09  -1.8228549773e+11
   0.0000000000e+00   7.9093771250e+09   8.9255410000e+07   1.8380024700e+08   0.0000000000e+00   0.0000000000e+00
   0.0000000000e+00   8.9255410000e+07   8.3662772540e+09   2.4260013410e+10   0.0000000000e+00   0.0000000000e+00
   0.0000000000e+00   1.8380024700e+08   2.4260013410e+10   1.9736428114e+11   0.0000000000e+00   0.0000000000e+00
   4.2852200700e+09   0.0000000000e+00   0.0000000000e+00   0.0000000000e+00   2.9671595574e+11  -2.6085740893e+10
  -1.8228549773e+11   0.0000000000e+00   0.0000000000e+00   0.0000000000e+00  -2.6085740893e+10   7.3539668838e+11

Compliance [S] = inv([K]):
   5.2210290809e-11  -0.0000000000e+00  -0.0000000000e+00  -0.0000000000e+00   3.8492609724e-13   1.2955211901e-11
   0.0000000000e+00   1.2644813781e-10  -1.5655649700e-12   7.4681336050e-14   0.0000000000e+00   0.0000000000e+00
   0.0000000000e+00  -1.5655649700e-12   1.8574672386e-10  -2.2830525536e-11   0.0000000000e+00   0.0000000000e+00
  -0.0000000000e+00   7.4681336050e-14  -2.2830525536e-11   7.8730311293e-12  -0.0000000000e+00  -0.0000000000e+00
   3.8492609724e-13   0.0000000000e+00   0.0000000000e+00   0.0000000000e+00   3.3836073692e-12   2.1543522407e-13
   1.2955211901e-11   0.0000000000e+00   0.0000000000e+00   0.0000000000e+00   2.1543522407e-13   4.5787084580e-12

=============== station iea_r0049     r = 0.0490 ===============
source: OpenSG-FEniCSx (dolfinx FE Mechanics of Structure Genome)
homogenization wall-time: 13.90 s
diag([K]) [EA GA2 GA3 GJ EI2 EI3] = 3.353491e+10  3.300900e+09  3.330804e+09  7.303784e+10  1.490559e+11  3.904208e+11

Stiffness [K]:
   3.3534905579e+10   0.0000000000e+00   0.0000000000e+00   0.0000000000e+00   4.9053391270e+09  -9.4170426193e+10
   0.0000000000e+00   3.3008996920e+09   1.8525695000e+08   9.6064883000e+07   0.0000000000e+00   0.0000000000e+00
   0.0000000000e+00   1.8525695000e+08   3.3308042120e+09   9.0729103550e+09   0.0000000000e+00   0.0000000000e+00
   0.0000000000e+00   9.6064883000e+07   9.0729103550e+09   7.3037839911e+10   0.0000000000e+00   0.0000000000e+00
   4.9053391270e+09   0.0000000000e+00   0.0000000000e+00   0.0000000000e+00   1.4905588957e+11  -2.6166196954e+10
  -9.4170426193e+10   0.0000000000e+00   0.0000000000e+00   0.0000000000e+00  -2.6166196954e+10   3.9042082138e+11

Compliance [S] = inv([K]):
   9.2529574493e-11  -0.0000000000e+00  -0.0000000000e+00  -0.0000000000e+00   8.8320096886e-13   2.2377544940e-11
   0.0000000000e+00   3.0421568033e-10  -2.3926389359e-11   2.5720577479e-12   0.0000000000e+00   0.0000000000e+00
   0.0000000000e+00  -2.3926389359e-11   4.5565405046e-10  -5.6570811404e-11   0.0000000000e+00   0.0000000000e+00
  -0.0000000000e+00   2.5720577479e-12  -5.6570811404e-11   2.0715492380e-11  -0.0000000000e+00  -0.0000000000e+00
   8.8320096886e-13   0.0000000000e+00   0.0000000000e+00   0.0000000000e+00   6.7971942447e-12   6.6858149130e-13
   2.2377544940e-11   0.0000000000e+00   0.0000000000e+00   0.0000000000e+00   6.6858149130e-13   8.0036642720e-12

=============== station iea_r0066     r = 0.0660 ===============
source: OpenSG-FEniCSx (dolfinx FE Mechanics of Structure Genome)
homogenization wall-time: 18.10 s
diag([K]) [EA GA2 GA3 GJ EI2 EI3] = 3.109145e+10  2.174493e+09  2.094735e+09  4.264725e+10  1.228943e+11  3.952820e+11

Stiffness [K]:
   3.1091445318e+10   0.0000000000e+00   0.0000000000e+00   0.0000000000e+00   4.4957842080e+09  -9.0791220340e+10
   0.0000000000e+00   2.1744933860e+09   1.5890921300e+08  -6.8575293000e+07   0.0000000000e+00   0.0000000000e+00
   0.0000000000e+00   1.5890921300e+08   2.0947345280e+09   5.6027772190e+09   0.0000000000e+00   0.0000000000e+00
   0.0000000000e+00  -6.8575293000e+07   5.6027772190e+09   4.2647246775e+10   0.0000000000e+00   0.0000000000e+00
   4.4957842080e+09   0.0000000000e+00   0.0000000000e+00   0.0000000000e+00   1.2289427903e+11  -2.5498072323e+10
  -9.0791220340e+10   0.0000000000e+00   0.0000000000e+00   0.0000000000e+00  -2.5498072323e+10   3.9528196031e+11

Compliance [S] = inv([K]):
   9.7822580839e-11  -0.0000000000e+00  -0.0000000000e+00  -0.0000000000e+00   1.0978744250e-12   2.2539417598e-11
   0.0000000000e+00   4.6433229800e-10  -5.7386904367e-11   8.2858282905e-12   0.0000000000e+00   0.0000000000e+00
   0.0000000000e+00  -5.7386904367e-11   7.4310618765e-10  -9.7717767461e-11   0.0000000000e+00   0.0000000000e+00
  -0.0000000000e+00   8.2858282905e-12  -9.7717767461e-11   3.6299156489e-11  -0.0000000000e+00  -0.0000000000e+00
   1.0978744250e-12   0.0000000000e+00   0.0000000000e+00   0.0000000000e+00   8.2597783020e-12   7.8497329626e-13
   2.2539417598e-11   0.0000000000e+00   0.0000000000e+00   0.0000000000e+00   7.8497329626e-13   7.7574917230e-12

=============== station iea_r0083     r = 0.0830 ===============
source: OpenSG-FEniCSx (dolfinx FE Mechanics of Structure Genome)
homogenization wall-time: 17.00 s
diag([K]) [EA GA2 GA3 GJ EI2 EI3] = 3.066260e+10  1.559477e+09  1.477769e+09  2.835270e+10  1.027024e+11  4.133898e+11

Stiffness [K]:
   3.0662599593e+10   0.0000000000e+00   0.0000000000e+00   0.0000000000e+00   4.0713813930e+09  -9.2608059080e+10
   0.0000000000e+00   1.5594766950e+09   1.3494521000e+08  -5.9847864000e+07   0.0000000000e+00   0.0000000000e+00
   0.0000000000e+00   1.3494521000e+08   1.4777688850e+09   3.9988328500e+09   0.0000000000e+00   0.0000000000e+00
   0.0000000000e+00  -5.9847864000e+07   3.9988328500e+09   2.8352701020e+10   0.0000000000e+00   0.0000000000e+00
   4.0713813930e+09   0.0000000000e+00   0.0000000000e+00   0.0000000000e+00   1.0270244107e+11  -2.4492493422e+10
  -9.2608059080e+10   0.0000000000e+00   0.0000000000e+00   0.0000000000e+00  -2.4492493422e+10   4.1338978013e+11

Compliance [S] = inv([K]):
   1.0104432329e-10  -0.0000000000e+00  -0.0000000000e+00  -0.0000000000e+00   1.4125618397e-12   2.2719758141e-11
   0.0000000000e+00   6.5068123185e-10  -1.0210207687e-10   1.5773841815e-11   0.0000000000e+00   0.0000000000e+00
   0.0000000000e+00  -1.0210207687e-10   1.1103790927e-09  -1.5682213063e-10   0.0000000000e+00   0.0000000000e+00
  -0.0000000000e+00   1.5773841815e-11  -1.5682213063e-10   5.7421320007e-11  -0.0000000000e+00  -0.0000000000e+00
   1.4125618397e-12   0.0000000000e+00   0.0000000000e+00   0.0000000000e+00   9.8961623891e-12   9.0277099352e-13
   2.2719758141e-11   0.0000000000e+00   0.0000000000e+00   0.0000000000e+00   9.0277099352e-13   7.5622184366e-12

=============== station iea_r0102     r = 0.1020 ===============
source: OpenSG-FEniCSx (dolfinx FE Mechanics of Structure Genome)
homogenization wall-time: 17.60 s
diag([K]) [EA GA2 GA3 GJ EI2 EI3] = 2.987250e+10  1.077236e+09  1.006378e+09  1.803078e+10  8.154103e+10  4.045394e+11

Stiffness [K]:
   2.9872499804e+10   0.0000000000e+00   0.0000000000e+00   0.0000000000e+00   3.3535938340e+09  -9.1163534844e+10
   0.0000000000e+00   1.0772363640e+09   1.1879182500e+08   1.1167172200e+08   0.0000000000e+00   0.0000000000e+00
   0.0000000000e+00   1.1879182500e+08   1.0063779700e+09   2.7381536700e+09   0.0000000000e+00   0.0000000000e+00
   0.0000000000e+00   1.1167172200e+08   2.7381536700e+09   1.8030777446e+10   0.0000000000e+00   0.0000000000e+00
   3.3535938340e+09   0.0000000000e+00   0.0000000000e+00   0.0000000000e+00   8.1541028716e+10  -2.1550029340e+10
  -9.1163534844e+10   0.0000000000e+00   0.0000000000e+00   0.0000000000e+00  -2.1550029340e+10   4.0453937863e+11

Compliance [S] = inv([K]):
   1.0752022823e-10  -0.0000000000e+00  -0.0000000000e+00  -0.0000000000e+00   2.0098077620e-12   2.4336902684e-11
   0.0000000000e+00   9.4430031758e-10  -1.6283011019e-10   1.8878954182e-11   0.0000000000e+00   0.0000000000e+00
   0.0000000000e+00  -1.6283011019e-10   1.7213799166e-09  -2.6040026456e-10   0.0000000000e+00   0.0000000000e+00
  -0.0000000000e+00   1.8878954182e-11  -2.6040026456e-10   9.4888182159e-11  -0.0000000000e+00  -0.0000000000e+00
   2.0098077620e-12   0.0000000000e+00   0.0000000000e+00   0.0000000000e+00   1.2476454712e-11   1.1175405138e-12
   2.4336902684e-11   0.0000000000e+00   0.0000000000e+00   0.0000000000e+00   1.1175405138e-12   8.0158354859e-12

=============== station iea_r0110     r = 0.1100 ===============
source: OpenSG-FEniCSx (dolfinx FE Mechanics of Structure Genome)
homogenization wall-time: 18.30 s
diag([K]) [EA GA2 GA3 GJ EI2 EI3] = 2.921187e+10  9.330684e+08  8.657767e+08  1.503224e+10  7.371366e+10  3.835872e+11

Stiffness [K]:
   2.9211867585e+10   0.0000000000e+00   0.0000000000e+00   0.0000000000e+00   2.9689564090e+09  -8.8118026694e+10
   0.0000000000e+00   9.3306843400e+08   1.1165482200e+08   1.5009556300e+08   0.0000000000e+00   0.0000000000e+00
   0.0000000000e+00   1.1165482200e+08   8.6577670000e+08   2.3450393650e+09   0.0000000000e+00   0.0000000000e+00
   0.0000000000e+00   1.5009556300e+08   2.3450393650e+09   1.5032240090e+10   0.0000000000e+00   0.0000000000e+00
   2.9689564090e+09   0.0000000000e+00   0.0000000000e+00   0.0000000000e+00   7.3713662869e+10  -1.9611417675e+10
  -8.8118026694e+10   0.0000000000e+00   0.0000000000e+00   0.0000000000e+00  -1.9611417675e+10   3.8358719875e+11

Compliance [S] = inv([K]):
   1.1189622067e-10  -0.0000000000e+00  -0.0000000000e+00  -0.0000000000e+00   2.3640811664e-12   2.5825776188e-11
   0.0000000000e+00   1.0917082708e-09  -1.9268392093e-10   1.9158209975e-11   0.0000000000e+00   0.0000000000e+00
   0.0000000000e+00  -1.9268392093e-10   2.0342122241e-09  -3.1541451656e-10   0.0000000000e+00   0.0000000000e+00
  -0.0000000000e+00   1.9158209975e-11  -3.1541451656e-10   1.1553726423e-10  -0.0000000000e+00  -0.0000000000e+00
   2.3640811664e-12   0.0000000000e+00   0.0000000000e+00   0.0000000000e+00   1.3803023782e-11   1.2487774187e-12
   2.5825776188e-11   0.0000000000e+00   0.0000000000e+00   0.0000000000e+00   1.2487774187e-12   8.6035371927e-12

=============== station iea_r0156     r = 0.1560 ===============
source: OpenSG-FEniCSx (dolfinx FE Mechanics of Structure Genome)
homogenization wall-time: 13.40 s
diag([K]) [EA GA2 GA3 GJ EI2 EI3] = 2.834224e+10  7.509845e+08  5.313970e+08  6.566739e+09  4.576201e+10  3.066071e+11

Stiffness [K]:
   2.8342243336e+10   0.0000000000e+00   0.0000000000e+00   0.0000000000e+00   2.3410250250e+09  -7.8002872410e+10
   0.0000000000e+00   7.5098447400e+08   7.8167344000e+07   8.9072251000e+07   0.0000000000e+00   0.0000000000e+00
   0.0000000000e+00   7.8167344000e+07   5.3139699100e+08   1.2180451020e+09   0.0000000000e+00   0.0000000000e+00
   0.0000000000e+00   8.9072251000e+07   1.2180451020e+09   6.5667391400e+09   0.0000000000e+00   0.0000000000e+00
   2.3410250250e+09   0.0000000000e+00   0.0000000000e+00   0.0000000000e+00   4.5762009223e+10  -1.4046436710e+10
  -7.8002872410e+10   0.0000000000e+00   0.0000000000e+00   0.0000000000e+00  -1.4046436710e+10   3.0660709164e+11

Compliance [S] = inv([K]):
   1.1814564096e-10  -0.0000000000e+00  -0.0000000000e+00  -0.0000000000e+00   3.2273298590e-12   3.0204884670e-11
   0.0000000000e+00   1.3562344130e-09  -2.7369999587e-10   3.2371635725e-11   0.0000000000e+00   0.0000000000e+00
   0.0000000000e+00  -2.7369999587e-10   3.3289283296e-09  -6.1376060265e-10   0.0000000000e+00   0.0000000000e+00
  -0.0000000000e+00   3.2371635725e-11  -6.1376060265e-10   2.6568813595e-10  -0.0000000000e+00  -0.0000000000e+00
   3.2273298590e-12   0.0000000000e+00   0.0000000000e+00   0.0000000000e+00   2.2252013500e-11   1.8404743853e-12
   3.0204884670e-11   0.0000000000e+00   0.0000000000e+00   0.0000000000e+00   1.8404743853e-12   1.1030142369e-11

=============== station iea_r0197     r = 0.1970 ===============
source: OpenSG-FEniCSx (dolfinx FE Mechanics of Structure Genome)
homogenization wall-time: 13.60 s
diag([K]) [EA GA2 GA3 GJ EI2 EI3] = 2.806770e+10  7.353603e+08  4.335914e+08  4.252502e+09  3.555159e+10  2.488703e+11

Stiffness [K]:
   2.8067699655e+10   0.0000000000e+00   0.0000000000e+00   0.0000000000e+00   1.7271789130e+09  -7.0726501590e+10
   0.0000000000e+00   7.3536025200e+08   5.8225048000e+07   4.0232906000e+07   0.0000000000e+00   0.0000000000e+00
   0.0000000000e+00   5.8225048000e+07   4.3359139200e+08   8.9529790400e+08   0.0000000000e+00   0.0000000000e+00
   0.0000000000e+00   4.0232906000e+07   8.9529790400e+08   4.2525024020e+09   0.0000000000e+00   0.0000000000e+00
   1.7271789130e+09   0.0000000000e+00   0.0000000000e+00   0.0000000000e+00   3.5551587923e+10  -1.0009151423e+10
  -7.0726501590e+10   0.0000000000e+00   0.0000000000e+00   0.0000000000e+00  -1.0009151423e+10   2.4887025457e+11

Compliance [S] = inv([K]):
   1.2606526296e-10  -0.0000000000e+00  -0.0000000000e+00  -0.0000000000e+00   4.0073870902e-12   3.5987689976e-11
   0.0000000000e+00   1.3795395037e-09  -2.8004232350e-10   4.5906716475e-11   0.0000000000e+00   0.0000000000e+00
   0.0000000000e+00  -2.8004232350e-10   4.1368082095e-09  -8.6829082119e-10   0.0000000000e+00   0.0000000000e+00
  -0.0000000000e+00   4.5906716475e-11  -8.6829082119e-10   4.1752639360e-10  -0.0000000000e+00  -0.0000000000e+00
   4.0073870902e-12   0.0000000000e+00   0.0000000000e+00   0.0000000000e+00   2.8577669708e-11   2.2882071375e-12
   3.5987689976e-11   0.0000000000e+00   0.0000000000e+00   0.0000000000e+00   2.2882071375e-12   1.4337536763e-11

=============== station iea_r0247     r = 0.2470 ===============
source: OpenSG-FEniCSx (dolfinx FE Mechanics of Structure Genome)
homogenization wall-time: 11.00 s
diag([K]) [EA GA2 GA3 GJ EI2 EI3] = 2.749790e+10  7.043849e+08  3.833859e+08  3.287527e+09  2.840005e+10  2.140815e+11

Stiffness [K]:
   2.7497904016e+10   0.0000000000e+00   0.0000000000e+00   0.0000000000e+00   1.0626722770e+09  -6.4616361867e+10
   0.0000000000e+00   7.0438487000e+08   4.1022054000e+07   1.9409298000e+07   0.0000000000e+00   0.0000000000e+00
   0.0000000000e+00   4.1022054000e+07   3.8338594700e+08   7.3659064900e+08   0.0000000000e+00   0.0000000000e+00
   0.0000000000e+00   1.9409298000e+07   7.3659064900e+08   3.2875273890e+09   0.0000000000e+00   0.0000000000e+00
   1.0626722770e+09   0.0000000000e+00   0.0000000000e+00   0.0000000000e+00   2.8400049954e+10  -6.0703417810e+09
  -6.4616361867e+10   0.0000000000e+00   0.0000000000e+00   0.0000000000e+00  -6.0703417810e+09   2.1408152151e+11

Compliance [S] = inv([K]):
   1.2541186348e-10  -0.0000000000e+00  -0.0000000000e+00  -0.0000000000e+00   3.4189479646e-12   3.7950087790e-11
   0.0000000000e+00   1.4324375399e-09  -2.4058893820e-10   4.5448428979e-11   0.0000000000e+00   0.0000000000e+00
   0.0000000000e+00  -2.4058893820e-10   4.6202474908e-09  -1.0337743335e-09   0.0000000000e+00   0.0000000000e+00
  -0.0000000000e+00   4.5448428979e-11  -1.0337743335e-09   5.3553512315e-10  -0.0000000000e+00  -0.0000000000e+00
   3.4189479646e-12   0.0000000000e+00   0.0000000000e+00   0.0000000000e+00   3.5519120621e-11   2.0390978994e-12
   3.7950087790e-11   0.0000000000e+00   0.0000000000e+00   0.0000000000e+00   2.0390978994e-12   1.6183436115e-11

=============== station iea_r0399     r = 0.3990 ===============
source: OpenSG-FEniCSx (dolfinx FE Mechanics of Structure Genome)
homogenization wall-time: 8.70 s
diag([K]) [EA GA2 GA3 GJ EI2 EI3] = 2.454380e+10  5.908445e+08  2.774032e+08  1.501636e+09  1.436430e+10  1.107989e+11

Stiffness [K]:
   2.4543803827e+10   0.0000000000e+00   0.0000000000e+00   0.0000000000e+00   3.4342652200e+08  -4.3674840735e+10
   0.0000000000e+00   5.9084447900e+08   1.6726076000e+07  -4.0159980000e+06   0.0000000000e+00   0.0000000000e+00
   0.0000000000e+00   1.6726076000e+07   2.7740315100e+08   4.0343239000e+08   0.0000000000e+00   0.0000000000e+00
   0.0000000000e+00  -4.0159980000e+06   4.0343239000e+08   1.5016363170e+09   0.0000000000e+00   0.0000000000e+00
   3.4342652200e+08   0.0000000000e+00   0.0000000000e+00   0.0000000000e+00   1.4364301039e+10  -1.6243370410e+09
  -4.3674840735e+10   0.0000000000e+00   0.0000000000e+00   0.0000000000e+00  -1.6243370410e+09   1.1079892187e+11

Compliance [S] = inv([K]):
   1.3657727995e-10  -0.0000000000e+00  -0.0000000000e+00  -0.0000000000e+00   2.8272291030e-12   5.3877630055e-11
   0.0000000000e+00   1.6979137463e-09  -1.7886676022e-10   5.2595599802e-11   0.0000000000e+00   0.0000000000e+00
   0.0000000000e+00  -1.7886676022e-10   5.9354332677e-09  -1.5951028424e-09   0.0000000000e+00   0.0000000000e+00
  -0.0000000000e+00   5.2595599802e-11  -1.5951028424e-09   1.0946241491e-09  -0.0000000000e+00  -0.0000000000e+00
   2.8272291030e-12   0.0000000000e+00   0.0000000000e+00   0.0000000000e+00   6.9791159727e-11   2.1375943256e-12
   5.3877630055e-11   0.0000000000e+00   0.0000000000e+00   0.0000000000e+00   2.1375943256e-12   3.0294239591e-11

=============== station iea_r0534     r = 0.5340 ===============
source: OpenSG-FEniCSx (dolfinx FE Mechanics of Structure Genome)
homogenization wall-time: 5.60 s
diag([K]) [EA GA2 GA3 GJ EI2 EI3] = 2.033661e+10  5.024775e+08  1.835472e+08  5.744404e+08  5.596158e+09  4.992856e+10

Stiffness [K]:
   2.0336610326e+10   0.0000000000e+00   0.0000000000e+00   0.0000000000e+00   2.2540389300e+08  -2.6848136561e+10
   0.0000000000e+00   5.0247753400e+08   3.3284160000e+06  -1.3799598000e+07   0.0000000000e+00   0.0000000000e+00
   0.0000000000e+00   3.3284160000e+06   1.8354717400e+08   1.9365732400e+08   0.0000000000e+00   0.0000000000e+00
   0.0000000000e+00  -1.3799598000e+07   1.9365732400e+08   5.7444036700e+08   0.0000000000e+00   0.0000000000e+00
   2.2540389300e+08   0.0000000000e+00   0.0000000000e+00   0.0000000000e+00   5.5961581020e+09  -3.8927650100e+08
  -2.6848136561e+10   0.0000000000e+00   0.0000000000e+00   0.0000000000e+00  -3.8927650100e+08   4.9928560827e+10

Compliance [S] = inv([K]):
   1.6950623749e-10  -0.0000000000e+00  -0.0000000000e+00  -0.0000000000e+00  -4.8725798504e-13   9.1144965098e-11
   0.0000000000e+00   1.9935906965e-09  -1.3453338385e-10   9.3245754252e-11   0.0000000000e+00   0.0000000000e+00
   0.0000000000e+00  -1.3453338385e-10   8.4649698330e-09  -2.8569717702e-09   0.0000000000e+00   0.0000000000e+00
  -0.0000000000e+00   9.3245754252e-11  -2.8569717702e-09   2.7062169565e-09  -0.0000000000e+00  -0.0000000000e+00
  -4.8725798504e-13   0.0000000000e+00   0.0000000000e+00   0.0000000000e+00   1.7879238962e-10   1.1319714804e-12
   9.1144965098e-11   0.0000000000e+00   0.0000000000e+00   0.0000000000e+00   1.1319714804e-12   6.9048918346e-11

=============== station iea_r0739     r = 0.7390 ===============
source: OpenSG-FEniCSx (dolfinx FE Mechanics of Structure Genome)
homogenization wall-time: 2.90 s
diag([K]) [EA GA2 GA3 GJ EI2 EI3] = 1.211989e+10  4.165745e+08  9.751876e+07  1.468369e+08  1.044217e+09  1.303959e+10

Stiffness [K]:
   1.2119886192e+10   0.0000000000e+00   0.0000000000e+00   0.0000000000e+00   1.8105756400e+08  -1.0816601262e+10
   0.0000000000e+00   4.1657445900e+08  -6.0924100000e+05  -1.0173355000e+07   0.0000000000e+00   0.0000000000e+00
   0.0000000000e+00  -6.0924100000e+05   9.7518764000e+07   7.2189993000e+07   0.0000000000e+00   0.0000000000e+00
   0.0000000000e+00  -1.0173355000e+07   7.2189993000e+07   1.4683689900e+08   0.0000000000e+00   0.0000000000e+00
   1.8105756400e+08   0.0000000000e+00   0.0000000000e+00   0.0000000000e+00   1.0442166900e+09  -8.9161887000e+07
  -1.0816601262e+10   0.0000000000e+00   0.0000000000e+00   0.0000000000e+00  -8.9161887000e+07   1.3039590246e+10

Compliance [S] = inv([K]):
   3.1884618331e-10   0.0000000000e+00   0.0000000000e+00   0.0000000000e+00  -3.2720313257e-11   2.6426556041e-10
   0.0000000000e+00   2.4063995746e-09  -1.7040266909e-10   2.5049919253e-10   0.0000000000e+00   0.0000000000e+00
   0.0000000000e+00  -1.7040266909e-10   1.6133891282e-08  -7.9437734893e-09   0.0000000000e+00   0.0000000000e+00
   0.0000000000e+00   2.5049919253e-10  -7.9437734893e-09   1.0733060835e-08   0.0000000000e+00   0.0000000000e+00
  -3.2720313257e-11   0.0000000000e+00   0.0000000000e+00   0.0000000000e+00   9.6157288601e-10  -2.0567128538e-11
   2.6426556041e-10   0.0000000000e+00   0.0000000000e+00   0.0000000000e+00  -2.0567128538e-11   2.9576246780e-10

=============== station iea_r0980     r = 0.9800 ===============
source: OpenSG-FEniCSx (dolfinx FE Mechanics of Structure Genome)
homogenization wall-time: 1.00 s
diag([K]) [EA GA2 GA3 GJ EI2 EI3] = 9.281450e+08  7.086394e+07  1.012897e+07  4.277014e+06  1.150969e+07  2.384657e+08

Stiffness [K]:
   9.2814501700e+08   0.0000000000e+00   0.0000000000e+00   0.0000000000e+00   1.5554548000e+07  -4.1690603700e+08
   0.0000000000e+00   7.0863939000e+07   7.0159900000e+05  -1.0876840000e+06   0.0000000000e+00   0.0000000000e+00
   0.0000000000e+00   7.0159900000e+05   1.0128971000e+07   4.2809340000e+06   0.0000000000e+00   0.0000000000e+00
   0.0000000000e+00  -1.0876840000e+06   4.2809340000e+06   4.2770140000e+06   0.0000000000e+00   0.0000000000e+00
   1.5554548000e+07   0.0000000000e+00   0.0000000000e+00   0.0000000000e+00   1.1509687000e+07  -5.0702970000e+06
  -4.1690603700e+08   0.0000000000e+00   0.0000000000e+00   0.0000000000e+00  -5.0702970000e+06   2.3846570600e+08

Compliance [S] = inv([K]):
   5.1190479955e-09   0.0000000000e+00   0.0000000000e+00   0.0000000000e+00  -3.0036774672e-09   8.8856905745e-09
   0.0000000000e+00   1.4277780247e-08  -4.3738410087e-09   8.0088205966e-09   0.0000000000e+00   0.0000000000e+00
   0.0000000000e+00  -4.3738410087e-09   1.7245223174e-07  -1.7372259691e-07   0.0000000000e+00   0.0000000000e+00
   0.0000000000e+00   8.0088205966e-09  -1.7372259691e-07   4.0972651427e-07   0.0000000000e+00   0.0000000000e+00
  -3.0036774672e-09   0.0000000000e+00   0.0000000000e+00   0.0000000000e+00   8.9467275387e-08  -3.3490166141e-09
   8.8856905745e-09   0.0000000000e+00   0.0000000000e+00   0.0000000000e+00  -3.3490166141e-09   1.9656988056e-08

