#================================================================================================
# Timoshenko 6x6 from 2-D SOLID cross-section  --  OpenSG-JAX (JAX-FEM Mechanics of Structure Genome)
# convention (VABS/OpenSG order): 1=extension, 2-3=transverse shear, 4=torsion, 5-6=bending
#                                 diag([K]) = [EA, GA2, GA3, GJ, EI2, EI3];  units SI
# each station lists the homogenization wall-time, the 6x6 stiffness [K], and [S]=inv([K])
# stations: 14    total homogenization wall-time: 967.3 s
#================================================================================================

=============== station iea_r0000     r = 0.0000 ===============
source: OpenSG-JAX (JAX-FEM Mechanics of Structure Genome)
homogenization wall-time: 115.60 s
diag([K]) [EA GA2 GA3 GJ EI2 EI3] = 6.433653e+10  7.909316e+09  8.365092e+09  1.973569e+11  2.967086e+11  7.353155e+11

Stiffness [K]:
   6.4336532293e+10   0.0000000000e+00   0.0000000000e+00   0.0000000000e+00   4.2851885272e+09  -1.8226968501e+11
   0.0000000000e+00   7.9093159293e+09   8.9266637675e+07   1.8381068392e+08   0.0000000000e+00   0.0000000000e+00
   0.0000000000e+00   8.9266637675e+07   8.3650922693e+09   2.4258824295e+10   0.0000000000e+00   0.0000000000e+00
   0.0000000000e+00   1.8381068392e+08   2.4258824295e+10   1.9735688349e+11   0.0000000000e+00   0.0000000000e+00
   4.2851885272e+09   0.0000000000e+00   0.0000000000e+00   0.0000000000e+00   2.9670861750e+11  -2.6085384846e+10
  -1.8226968501e+11   0.0000000000e+00   0.0000000000e+00   0.0000000000e+00  -2.6085384845e+10   7.3531549956e+11

Compliance [S] = inv([K]):
   5.2247906860e-11  -0.0000000000e+00  -0.0000000000e+00  -0.0000000000e+00   3.8523008464e-13   1.2964854415e-11
   0.0000000000e+00   1.2644912320e-10  -1.5661090005e-12   7.4733969200e-14   0.0000000000e+00   0.0000000000e+00
   0.0000000000e+00  -1.5661090005e-12   1.8578139098e-10  -2.2834522788e-11   0.0000000000e+00   0.0000000000e+00
  -0.0000000000e+00   7.4733969200e-14  -2.2834522788e-11   7.8736799641e-12  -0.0000000000e+00  -0.0000000000e+00
   3.8523008466e-13   0.0000000000e+00   0.0000000000e+00   0.0000000000e+00   3.3836945612e-12   2.1552754037e-13
   1.2964854415e-11   0.0000000000e+00   0.0000000000e+00   0.0000000000e+00   2.1552754037e-13   4.5813287648e-12

=============== station iea_r0020     r = 0.0200 ===============
source: OpenSG-JAX (JAX-FEM Mechanics of Structure Genome)
homogenization wall-time: 108.60 s
diag([K]) [EA GA2 GA3 GJ EI2 EI3] = 6.435317e+10  7.909377e+09  8.366277e+09  1.973643e+11  2.967160e+11  7.353967e+11

Stiffness [K]:
   6.4353170698e+10   0.0000000000e+00   0.0000000000e+00   0.0000000000e+00   4.2852200704e+09  -1.8228549773e+11
   0.0000000000e+00   7.9093771249e+09   8.9255410123e+07   1.8380024675e+08   0.0000000000e+00   0.0000000000e+00
   0.0000000000e+00   8.9255410123e+07   8.3662772537e+09   2.4260013410e+10   0.0000000000e+00   0.0000000000e+00
   0.0000000000e+00   1.8380024675e+08   2.4260013410e+10   1.9736428114e+11   0.0000000000e+00   0.0000000000e+00
   4.2852200704e+09   0.0000000000e+00   0.0000000000e+00   0.0000000000e+00   2.9671595574e+11  -2.6085740893e+10
  -1.8228549773e+11   0.0000000000e+00   0.0000000000e+00   0.0000000000e+00  -2.6085740893e+10   7.3539668838e+11

Compliance [S] = inv([K]):
   5.2210290809e-11  -0.0000000000e+00  -0.0000000000e+00  -0.0000000000e+00   3.8492609717e-13   1.2955211901e-11
   0.0000000000e+00   1.2644813781e-10  -1.5655649737e-12   7.4681336663e-14   0.0000000000e+00   0.0000000000e+00
   0.0000000000e+00  -1.5655649737e-12   1.8574672387e-10  -2.2830525537e-11   0.0000000000e+00   0.0000000000e+00
  -0.0000000000e+00   7.4681336663e-14  -2.2830525537e-11   7.8730311295e-12  -0.0000000000e+00  -0.0000000000e+00
   3.8492609717e-13   0.0000000000e+00   0.0000000000e+00   0.0000000000e+00   3.3836073692e-12   2.1543522405e-13
   1.2955211901e-11   0.0000000000e+00   0.0000000000e+00   0.0000000000e+00   2.1543522405e-13   4.5787084580e-12

=============== station iea_r0049     r = 0.0490 ===============
source: OpenSG-JAX (JAX-FEM Mechanics of Structure Genome)
homogenization wall-time: 77.20 s
diag([K]) [EA GA2 GA3 GJ EI2 EI3] = 3.353491e+10  3.300900e+09  3.330804e+09  7.303784e+10  1.490559e+11  3.904208e+11

Stiffness [K]:
   3.3534905579e+10   0.0000000000e+00   0.0000000000e+00   0.0000000000e+00   4.9053391266e+09  -9.4170426193e+10
   0.0000000000e+00   3.3008996917e+09   1.8525695032e+08   9.6064883443e+07   0.0000000000e+00   0.0000000000e+00
   0.0000000000e+00   1.8525695032e+08   3.3308042117e+09   9.0729103549e+09   0.0000000000e+00   0.0000000000e+00
   0.0000000000e+00   9.6064883443e+07   9.0729103549e+09   7.3037839911e+10   0.0000000000e+00   0.0000000000e+00
   4.9053391266e+09   0.0000000000e+00   0.0000000000e+00   0.0000000000e+00   1.4905588957e+11  -2.6166196954e+10
  -9.4170426193e+10   0.0000000000e+00   0.0000000000e+00   0.0000000000e+00  -2.6166196954e+10   3.9042082138e+11

Compliance [S] = inv([K]):
   9.2529574495e-11  -0.0000000000e+00  -0.0000000000e+00  -0.0000000000e+00   8.8320096910e-13   2.2377544941e-11
   0.0000000000e+00   3.0421568036e-10  -2.3926389401e-11   2.5720577513e-12   0.0000000000e+00   0.0000000000e+00
   0.0000000000e+00  -2.3926389401e-11   4.5565405053e-10  -5.6570811411e-11   0.0000000000e+00   0.0000000000e+00
  -0.0000000000e+00   2.5720577513e-12  -5.6570811411e-11   2.0715492381e-11  -0.0000000000e+00  -0.0000000000e+00
   8.8320096911e-13   0.0000000000e+00   0.0000000000e+00   0.0000000000e+00   6.7971942447e-12   6.6858149135e-13
   2.2377544941e-11   0.0000000000e+00   0.0000000000e+00   0.0000000000e+00   6.6858149135e-13   8.0036642721e-12

=============== station iea_r0066     r = 0.0660 ===============
source: OpenSG-JAX (JAX-FEM Mechanics of Structure Genome)
homogenization wall-time: 87.30 s
diag([K]) [EA GA2 GA3 GJ EI2 EI3] = 3.109145e+10  2.174493e+09  2.094735e+09  4.264725e+10  1.228943e+11  3.952820e+11

Stiffness [K]:
   3.1091445318e+10   0.0000000000e+00   0.0000000000e+00   0.0000000000e+00   4.4957842083e+09  -9.0791220340e+10
   0.0000000000e+00   2.1744933856e+09   1.5890921311e+08  -6.8575293406e+07   0.0000000000e+00   0.0000000000e+00
   0.0000000000e+00   1.5890921311e+08   2.0947345276e+09   5.6027772186e+09   0.0000000000e+00   0.0000000000e+00
   0.0000000000e+00  -6.8575293406e+07   5.6027772186e+09   4.2647246775e+10   0.0000000000e+00   0.0000000000e+00
   4.4957842083e+09   0.0000000000e+00   0.0000000000e+00   0.0000000000e+00   1.2289427903e+11  -2.5498072323e+10
  -9.0791220340e+10   0.0000000000e+00   0.0000000000e+00   0.0000000000e+00  -2.5498072323e+10   3.9528196031e+11

Compliance [S] = inv([K]):
   9.7822580839e-11  -0.0000000000e+00  -0.0000000000e+00  -0.0000000000e+00   1.0978744247e-12   2.2539417599e-11
   0.0000000000e+00   4.6433229811e-10  -5.7386904447e-11   8.2858283050e-12   0.0000000000e+00   0.0000000000e+00
   0.0000000000e+00  -5.7386904447e-11   7.4310618780e-10  -9.7717767475e-11   0.0000000000e+00   0.0000000000e+00
  -0.0000000000e+00   8.2858283050e-12  -9.7717767475e-11   3.6299156490e-11  -0.0000000000e+00  -0.0000000000e+00
   1.0978744247e-12   0.0000000000e+00   0.0000000000e+00   0.0000000000e+00   8.2597783020e-12   7.8497329619e-13
   2.2539417599e-11   0.0000000000e+00   0.0000000000e+00   0.0000000000e+00   7.8497329619e-13   7.7574917231e-12

=============== station iea_r0083     r = 0.0830 ===============
source: OpenSG-JAX (JAX-FEM Mechanics of Structure Genome)
homogenization wall-time: 88.20 s
diag([K]) [EA GA2 GA3 GJ EI2 EI3] = 3.066260e+10  1.559477e+09  1.477769e+09  2.835270e+10  1.027024e+11  4.133898e+11

Stiffness [K]:
   3.0662599593e+10   0.0000000000e+00   0.0000000000e+00   0.0000000000e+00   4.0713813933e+09  -9.2608059080e+10
   0.0000000000e+00   1.5594766948e+09   1.3494520965e+08  -5.9847863609e+07   0.0000000000e+00   0.0000000000e+00
   0.0000000000e+00   1.3494520965e+08   1.4777688854e+09   3.9988328499e+09   0.0000000000e+00   0.0000000000e+00
   0.0000000000e+00  -5.9847863609e+07   3.9988328499e+09   2.8352701020e+10   0.0000000000e+00   0.0000000000e+00
   4.0713813933e+09   0.0000000000e+00   0.0000000000e+00   0.0000000000e+00   1.0270244107e+11  -2.4492493422e+10
  -9.2608059080e+10   0.0000000000e+00   0.0000000000e+00   0.0000000000e+00  -2.4492493422e+10   4.1338978013e+11

Compliance [S] = inv([K]):
   1.0104432329e-10  -0.0000000000e+00  -0.0000000000e+00  -0.0000000000e+00   1.4125618393e-12   2.2719758141e-11
   0.0000000000e+00   6.5068123188e-10  -1.0210207654e-10   1.5773841760e-11   0.0000000000e+00   0.0000000000e+00
   0.0000000000e+00  -1.0210207654e-10   1.1103790921e-09  -1.5682213054e-10   0.0000000000e+00   0.0000000000e+00
  -0.0000000000e+00   1.5773841760e-11  -1.5682213054e-10   5.7421319994e-11  -0.0000000000e+00  -0.0000000000e+00
   1.4125618393e-12   0.0000000000e+00   0.0000000000e+00   0.0000000000e+00   9.8961623891e-12   9.0277099344e-13
   2.2719758141e-11   0.0000000000e+00   0.0000000000e+00   0.0000000000e+00   9.0277099343e-13   7.5622184366e-12

=============== station iea_r0102     r = 0.1020 ===============
source: OpenSG-JAX (JAX-FEM Mechanics of Structure Genome)
homogenization wall-time: 88.40 s
diag([K]) [EA GA2 GA3 GJ EI2 EI3] = 2.987250e+10  1.077236e+09  1.006378e+09  1.803078e+10  8.154103e+10  4.045394e+11

Stiffness [K]:
   2.9872499804e+10   0.0000000000e+00   0.0000000000e+00   0.0000000000e+00   3.3535938342e+09  -9.1163534844e+10
   0.0000000000e+00   1.0772363644e+09   1.1879182531e+08   1.1167172201e+08   0.0000000000e+00   0.0000000000e+00
   0.0000000000e+00   1.1879182531e+08   1.0063779702e+09   2.7381536699e+09   0.0000000000e+00   0.0000000000e+00
   0.0000000000e+00   1.1167172201e+08   2.7381536699e+09   1.8030777446e+10   0.0000000000e+00   0.0000000000e+00
   3.3535938342e+09   0.0000000000e+00   0.0000000000e+00   0.0000000000e+00   8.1541028716e+10  -2.1550029340e+10
  -9.1163534844e+10   0.0000000000e+00   0.0000000000e+00   0.0000000000e+00  -2.1550029340e+10   4.0453937863e+11

Compliance [S] = inv([K]):
   1.0752022824e-10  -0.0000000000e+00  -0.0000000000e+00  -0.0000000000e+00   2.0098077618e-12   2.4336902685e-11
   0.0000000000e+00   9.4430031732e-10  -1.6283011056e-10   1.8878954238e-11   0.0000000000e+00   0.0000000000e+00
   0.0000000000e+00  -1.6283011056e-10   1.7213799159e-09  -2.6040026446e-10   0.0000000000e+00   0.0000000000e+00
  -0.0000000000e+00   1.8878954238e-11  -2.6040026446e-10   9.4888182142e-11  -0.0000000000e+00  -0.0000000000e+00
   2.0098077618e-12   0.0000000000e+00   0.0000000000e+00   0.0000000000e+00   1.2476454712e-11   1.1175405138e-12
   2.4336902685e-11   0.0000000000e+00   0.0000000000e+00   0.0000000000e+00   1.1175405138e-12   8.0158354861e-12

=============== station iea_r0110     r = 0.1100 ===============
source: OpenSG-JAX (JAX-FEM Mechanics of Structure Genome)
homogenization wall-time: 94.20 s
diag([K]) [EA GA2 GA3 GJ EI2 EI3] = 2.921187e+10  9.330684e+08  8.657767e+08  1.503224e+10  7.371366e+10  3.835872e+11

Stiffness [K]:
   2.9211867585e+10   0.0000000000e+00   0.0000000000e+00   0.0000000000e+00   2.9689564092e+09  -8.8118026694e+10
   0.0000000000e+00   9.3306843360e+08   1.1165482154e+08   1.5009556341e+08   0.0000000000e+00   0.0000000000e+00
   0.0000000000e+00   1.1165482154e+08   8.6577669951e+08   2.3450393653e+09   0.0000000000e+00   0.0000000000e+00
   0.0000000000e+00   1.5009556341e+08   2.3450393653e+09   1.5032240090e+10   0.0000000000e+00   0.0000000000e+00
   2.9689564092e+09   0.0000000000e+00   0.0000000000e+00   0.0000000000e+00   7.3713662869e+10  -1.9611417675e+10
  -8.8118026694e+10   0.0000000000e+00   0.0000000000e+00   0.0000000000e+00  -1.9611417675e+10   3.8358719875e+11

Compliance [S] = inv([K]):
   1.1189622067e-10  -0.0000000000e+00  -0.0000000000e+00  -0.0000000000e+00   2.3640811659e-12   2.5825776188e-11
   0.0000000000e+00   1.0917082710e-09  -1.9268392005e-10   1.9158209809e-11   0.0000000000e+00   0.0000000000e+00
   0.0000000000e+00  -1.9268392005e-10   2.0342122261e-09  -3.1541451690e-10   0.0000000000e+00   0.0000000000e+00
  -0.0000000000e+00   1.9158209809e-11  -3.1541451690e-10   1.1553726429e-10  -0.0000000000e+00  -0.0000000000e+00
   2.3640811659e-12   0.0000000000e+00   0.0000000000e+00   0.0000000000e+00   1.3803023782e-11   1.2487774185e-12
   2.5825776188e-11   0.0000000000e+00   0.0000000000e+00   0.0000000000e+00   1.2487774185e-12   8.6035371927e-12

=============== station iea_r0156     r = 0.1560 ===============
source: OpenSG-JAX (JAX-FEM Mechanics of Structure Genome)
homogenization wall-time: 70.60 s
diag([K]) [EA GA2 GA3 GJ EI2 EI3] = 2.834224e+10  7.509845e+08  5.313970e+08  6.566739e+09  4.576201e+10  3.066071e+11

Stiffness [K]:
   2.8342243336e+10   0.0000000000e+00   0.0000000000e+00   0.0000000000e+00   2.3410250247e+09  -7.8002872410e+10
   0.0000000000e+00   7.5098447436e+08   7.8167344205e+07   8.9072251395e+07   0.0000000000e+00   0.0000000000e+00
   0.0000000000e+00   7.8167344205e+07   5.3139699130e+08   1.2180451020e+09   0.0000000000e+00   0.0000000000e+00
   0.0000000000e+00   8.9072251395e+07   1.2180451020e+09   6.5667391405e+09   0.0000000000e+00   0.0000000000e+00
   2.3410250247e+09   0.0000000000e+00   0.0000000000e+00   0.0000000000e+00   4.5762009223e+10  -1.4046436710e+10
  -7.8002872410e+10   0.0000000000e+00   0.0000000000e+00   0.0000000000e+00  -1.4046436710e+10   3.0660709164e+11

Compliance [S] = inv([K]):
   1.1814564096e-10  -0.0000000000e+00  -0.0000000000e+00  -0.0000000000e+00   3.2273298600e-12   3.0204884670e-11
   0.0000000000e+00   1.3562344124e-09  -2.7369999608e-10   3.2371635688e-11   0.0000000000e+00   0.0000000000e+00
   0.0000000000e+00  -2.7369999608e-10   3.3289283264e-09  -6.1376060201e-10   0.0000000000e+00   0.0000000000e+00
  -0.0000000000e+00   3.2371635688e-11  -6.1376060201e-10   2.6568813582e-10  -0.0000000000e+00  -0.0000000000e+00
   3.2273298600e-12   0.0000000000e+00   0.0000000000e+00   0.0000000000e+00   2.2252013500e-11   1.8404743855e-12
   3.0204884670e-11   0.0000000000e+00   0.0000000000e+00   0.0000000000e+00   1.8404743855e-12   1.1030142369e-11

=============== station iea_r0197     r = 0.1970 ===============
source: OpenSG-JAX (JAX-FEM Mechanics of Structure Genome)
homogenization wall-time: 75.80 s
diag([K]) [EA GA2 GA3 GJ EI2 EI3] = 2.806770e+10  7.353603e+08  4.335914e+08  4.252502e+09  3.555159e+10  2.488703e+11

Stiffness [K]:
   2.8067699655e+10   0.0000000000e+00   0.0000000000e+00   0.0000000000e+00   1.7271789126e+09  -7.0726501590e+10
   0.0000000000e+00   7.3536025156e+08   5.8225047557e+07   4.0232905538e+07   0.0000000000e+00   0.0000000000e+00
   0.0000000000e+00   5.8225047557e+07   4.3359139222e+08   8.9529790392e+08   0.0000000000e+00   0.0000000000e+00
   0.0000000000e+00   4.0232905538e+07   8.9529790392e+08   4.2525024018e+09   0.0000000000e+00   0.0000000000e+00
   1.7271789126e+09   0.0000000000e+00   0.0000000000e+00   0.0000000000e+00   3.5551587923e+10  -1.0009151423e+10
  -7.0726501590e+10   0.0000000000e+00   0.0000000000e+00   0.0000000000e+00  -1.0009151423e+10   2.4887025457e+11

Compliance [S] = inv([K]):
   1.2606526298e-10  -0.0000000000e+00  -0.0000000000e+00  -0.0000000000e+00   4.0073870918e-12   3.5987689979e-11
   0.0000000000e+00   1.3795395043e-09  -2.8004232138e-10   4.5906716172e-11   0.0000000000e+00   0.0000000000e+00
   0.0000000000e+00  -2.8004232138e-10   4.1368082046e-09  -8.6829082017e-10   0.0000000000e+00   0.0000000000e+00
  -0.0000000000e+00   4.5906716172e-11  -8.6829082017e-10   4.1752639339e-10  -0.0000000000e+00  -0.0000000000e+00
   4.0073870918e-12   0.0000000000e+00   0.0000000000e+00   0.0000000000e+00   2.8577669708e-11   2.2882071380e-12
   3.5987689979e-11   0.0000000000e+00   0.0000000000e+00   0.0000000000e+00   2.2882071380e-12   1.4337536764e-11

=============== station iea_r0247     r = 0.2470 ===============
source: OpenSG-JAX (JAX-FEM Mechanics of Structure Genome)
homogenization wall-time: 57.60 s
diag([K]) [EA GA2 GA3 GJ EI2 EI3] = 2.749790e+10  7.043849e+08  3.833859e+08  3.287527e+09  2.840005e+10  2.140815e+11

Stiffness [K]:
   2.7497904016e+10   0.0000000000e+00   0.0000000000e+00   0.0000000000e+00   1.0626722766e+09  -6.4616361867e+10
   0.0000000000e+00   7.0438487005e+08   4.1022053603e+07   1.9409298386e+07   0.0000000000e+00   0.0000000000e+00
   0.0000000000e+00   4.1022053603e+07   3.8338594702e+08   7.3659064851e+08   0.0000000000e+00   0.0000000000e+00
   0.0000000000e+00   1.9409298386e+07   7.3659064851e+08   3.2875273892e+09   0.0000000000e+00   0.0000000000e+00
   1.0626722766e+09   0.0000000000e+00   0.0000000000e+00   0.0000000000e+00   2.8400049954e+10  -6.0703417813e+09
  -6.4616361867e+10   0.0000000000e+00   0.0000000000e+00   0.0000000000e+00  -6.0703417813e+09   2.1408152151e+11

Compliance [S] = inv([K]):
   1.2541186347e-10  -0.0000000000e+00  -0.0000000000e+00  -0.0000000000e+00   3.4189479666e-12   3.7950087790e-11
   0.0000000000e+00   1.4324375394e-09  -2.4058893470e-10   4.5448427990e-11   0.0000000000e+00   0.0000000000e+00
   0.0000000000e+00  -2.4058893470e-10   4.6202474845e-09  -1.0337743313e-09   0.0000000000e+00   0.0000000000e+00
  -0.0000000000e+00   4.5448427990e-11  -1.0337743313e-09   5.3553512247e-10  -0.0000000000e+00  -0.0000000000e+00
   3.4189479666e-12   0.0000000000e+00   0.0000000000e+00   0.0000000000e+00   3.5519120622e-11   2.0390979001e-12
   3.7950087790e-11   0.0000000000e+00   0.0000000000e+00   0.0000000000e+00   2.0390979001e-12   1.6183436115e-11

=============== station iea_r0399     r = 0.3990 ===============
source: OpenSG-JAX (JAX-FEM Mechanics of Structure Genome)
homogenization wall-time: 46.80 s
diag([K]) [EA GA2 GA3 GJ EI2 EI3] = 2.454380e+10  5.908445e+08  2.774032e+08  1.501636e+09  1.436430e+10  1.107989e+11

Stiffness [K]:
   2.4543803827e+10   0.0000000000e+00   0.0000000000e+00   0.0000000000e+00   3.4342652206e+08  -4.3674840735e+10
   0.0000000000e+00   5.9084447940e+08   1.6726075825e+07  -4.0159978981e+06   0.0000000000e+00   0.0000000000e+00
   0.0000000000e+00   1.6726075825e+07   2.7740315055e+08   4.0343239010e+08   0.0000000000e+00   0.0000000000e+00
   0.0000000000e+00  -4.0159978981e+06   4.0343239010e+08   1.5016363168e+09   0.0000000000e+00   0.0000000000e+00
   3.4342652207e+08   0.0000000000e+00   0.0000000000e+00   0.0000000000e+00   1.4364301039e+10  -1.6243370407e+09
  -4.3674840735e+10   0.0000000000e+00   0.0000000000e+00   0.0000000000e+00  -1.6243370407e+09   1.1079892187e+11

Compliance [S] = inv([K]):
   1.3657727995e-10  -0.0000000000e+00  -0.0000000000e+00  -0.0000000000e+00   2.8272291014e-12   5.3877630054e-11
   0.0000000000e+00   1.6979137451e-09  -1.7886675860e-10   5.2595599266e-11   0.0000000000e+00   0.0000000000e+00
   0.0000000000e+00  -1.7886675860e-10   5.9354332853e-09  -1.5951028476e-09   0.0000000000e+00   0.0000000000e+00
  -0.0000000000e+00   5.2595599266e-11  -1.5951028476e-09   1.0946241508e-09  -0.0000000000e+00  -0.0000000000e+00
   2.8272291014e-12   0.0000000000e+00   0.0000000000e+00   0.0000000000e+00   6.9791159728e-11   2.1375943249e-12
   5.3877630054e-11   0.0000000000e+00   0.0000000000e+00   0.0000000000e+00   2.1375943249e-12   3.0294239591e-11

=============== station iea_r0534     r = 0.5340 ===============
source: OpenSG-JAX (JAX-FEM Mechanics of Structure Genome)
homogenization wall-time: 30.30 s
diag([K]) [EA GA2 GA3 GJ EI2 EI3] = 2.033661e+10  5.024775e+08  1.835472e+08  5.744404e+08  5.596158e+09  4.992856e+10

Stiffness [K]:
   2.0336610326e+10   0.0000000000e+00   0.0000000000e+00   0.0000000000e+00   2.2540389310e+08  -2.6848136561e+10
   0.0000000000e+00   5.0247753361e+08   3.3284156866e+06  -1.3799597868e+07   0.0000000000e+00   0.0000000000e+00
   0.0000000000e+00   3.3284156866e+06   1.8354717423e+08   1.9365732361e+08   0.0000000000e+00   0.0000000000e+00
   0.0000000000e+00  -1.3799597868e+07   1.9365732361e+08   5.7444036662e+08   0.0000000000e+00   0.0000000000e+00
   2.2540389310e+08   0.0000000000e+00   0.0000000000e+00   0.0000000000e+00   5.5961581021e+09  -3.8927650128e+08
  -2.6848136561e+10   0.0000000000e+00   0.0000000000e+00   0.0000000000e+00  -3.8927650128e+08   4.9928560827e+10

Compliance [S] = inv([K]):
   1.6950623749e-10  -0.0000000000e+00  -0.0000000000e+00  -0.0000000000e+00  -4.8725798368e-13   9.1144965101e-11
   0.0000000000e+00   1.9935906978e-09  -1.3453337729e-10   9.3245751582e-11   0.0000000000e+00   0.0000000000e+00
   0.0000000000e+00  -1.3453337729e-10   8.4649697998e-09  -2.8569717550e-09   0.0000000000e+00   0.0000000000e+00
  -0.0000000000e+00   9.3245751582e-11  -2.8569717550e-09   2.7062169512e-09  -0.0000000000e+00  -0.0000000000e+00
  -4.8725798368e-13   0.0000000000e+00   0.0000000000e+00   0.0000000000e+00   1.7879238962e-10   1.1319714821e-12
   9.1144965101e-11   0.0000000000e+00   0.0000000000e+00   0.0000000000e+00   1.1319714821e-12   6.9048918348e-11

=============== station iea_r0739     r = 0.7390 ===============
source: OpenSG-JAX (JAX-FEM Mechanics of Structure Genome)
homogenization wall-time: 19.70 s
diag([K]) [EA GA2 GA3 GJ EI2 EI3] = 1.211989e+10  4.165745e+08  9.751876e+07  1.468369e+08  1.044217e+09  1.303959e+10

Stiffness [K]:
   1.2119886192e+10   0.0000000000e+00   0.0000000000e+00   0.0000000000e+00   1.8105756409e+08  -1.0816601262e+10
   0.0000000000e+00   4.1657445850e+08  -6.0924113537e+05  -1.0173354993e+07   0.0000000000e+00   0.0000000000e+00
   0.0000000000e+00  -6.0924113537e+05   9.7518763615e+07   7.2189993470e+07   0.0000000000e+00   0.0000000000e+00
   0.0000000000e+00  -1.0173354993e+07   7.2189993470e+07   1.4683689893e+08   0.0000000000e+00   0.0000000000e+00
   1.8105756409e+08   0.0000000000e+00   0.0000000000e+00   0.0000000000e+00   1.0442166905e+09  -8.9161887466e+07
  -1.0816601262e+10   0.0000000000e+00   0.0000000000e+00   0.0000000000e+00  -8.9161887466e+07   1.3039590246e+10

Compliance [S] = inv([K]):
   3.1884618328e-10   0.0000000000e+00   0.0000000000e+00   0.0000000000e+00  -3.2720313149e-11   2.6426556038e-10
   0.0000000000e+00   2.4063995774e-09  -1.7040266765e-10   2.5049919257e-10   0.0000000000e+00   0.0000000000e+00
   0.0000000000e+00  -1.7040266765e-10   1.6133891506e-08  -7.9437736552e-09   0.0000000000e+00   0.0000000000e+00
   0.0000000000e+00   2.5049919257e-10  -7.9437736552e-09   1.0733060947e-08   0.0000000000e+00   0.0000000000e+00
  -3.2720313149e-11   0.0000000000e+00   0.0000000000e+00   0.0000000000e+00   9.6157288555e-10  -2.0567128416e-11
   2.6426556038e-10   0.0000000000e+00   0.0000000000e+00   0.0000000000e+00  -2.0567128416e-11   2.9576246777e-10

=============== station iea_r0980     r = 0.9800 ===============
source: OpenSG-JAX (JAX-FEM Mechanics of Structure Genome)
homogenization wall-time: 7.00 s
diag([K]) [EA GA2 GA3 GJ EI2 EI3] = 9.281450e+08  7.086394e+07  1.012897e+07  4.277014e+06  1.150969e+07  2.384657e+08

Stiffness [K]:
   9.2814501706e+08   0.0000000000e+00   0.0000000000e+00   0.0000000000e+00   1.5554547612e+07  -4.1690603741e+08
   0.0000000000e+00   7.0863939188e+07   7.0159882225e+05  -1.0876843027e+06   0.0000000000e+00   0.0000000000e+00
   0.0000000000e+00   7.0159882225e+05   1.0128970807e+07   4.2809336237e+06   0.0000000000e+00   0.0000000000e+00
   0.0000000000e+00  -1.0876843027e+06   4.2809336237e+06   4.2770140240e+06   0.0000000000e+00   0.0000000000e+00
   1.5554547612e+07   0.0000000000e+00   0.0000000000e+00   0.0000000000e+00   1.1509686767e+07  -5.0702968942e+06
  -4.1690603741e+08   0.0000000000e+00   0.0000000000e+00   0.0000000000e+00  -5.0702968942e+06   2.3846570634e+08

Compliance [S] = inv([K]):
   5.1190480002e-09   0.0000000000e+00   0.0000000000e+00   0.0000000000e+00  -3.0036774409e-09   8.8856905808e-09
   0.0000000000e+00   1.4277780232e-08  -4.3738406236e-09   8.0088207882e-09   0.0000000000e+00   0.0000000000e+00
   0.0000000000e+00  -4.3738406236e-09   1.7245221438e-07  -1.7372256361e-07   0.0000000000e+00   0.0000000000e+00
   0.0000000000e+00   8.0088207882e-09  -1.7372256361e-07   4.0972646397e-07   0.0000000000e+00   0.0000000000e+00
  -3.0036774409e-09   0.0000000000e+00   0.0000000000e+00   0.0000000000e+00   8.9467277114e-08  -3.3490165715e-09
   8.8856905808e-09   0.0000000000e+00   0.0000000000e+00   0.0000000000e+00  -3.3490165715e-09   1.9656988056e-08

