#================================================================================================
# Timoshenko 6x6 from RM SHELL cross-section  --  OpenSG-RM (6-DOF drilling-Lagrange ring, MITC gamma_23)
# convention (VABS/OpenSG order): 1=extension, 2-3=transverse shear, 4=torsion, 5-6=bending
#                                 diag([K]) = [EA, GA2, GA3, GJ, EI2, EI3];  units SI
# each station lists the homogenization wall-time, the 6x6 stiffness [K], and [S]=inv([K])
# stations: 16    total homogenization wall-time: 21.4 s
#================================================================================================

=============== station iea_r0000     r = 0.0000 ===============
source: OpenSG-RM (6-DOF drilling-Lagrange ring, MITC gamma_23)
homogenization wall-time: 2.20 s
diag([K]) [EA GA2 GA3 GJ EI2 EI3] = 6.442755e+10  7.963387e+09  8.361441e+09  1.978839e+11  2.972953e+11  7.361238e+11

Stiffness [K]:
   6.4427552956e+10  -9.0498570033e-06   5.2545262652e-05   1.3068477501e-04   4.3415739485e+09  -1.8254238295e+11
  -9.0498570033e-06   7.9633869433e+09   7.8753922639e+07   1.2857745117e+08   2.6363345929e-05  -8.1565178249e-05
   5.2545262652e-05   7.8753922639e+07   8.3614412253e+09   2.4273596056e+10  -1.6987796132e-04  -2.0816018575e-04
   1.3068477501e-04   1.2857745117e+08   2.4273596056e+10   1.9788388082e+11  -3.7677725382e-04  -5.7244361861e-04
   4.3415739485e+09   2.6363345929e-05  -1.6987796132e-04  -3.7677725382e-04   2.9729526998e+11  -2.6344972259e+10
  -1.8254238295e+11  -8.1565178249e-05  -2.0816018575e-04  -5.7244361861e-04  -2.6344972259e+10   7.3612383933e+11

Compliance [S] = inv([K]):
   5.2233267649e-11   1.9095405734e-25  -1.5403965720e-26   5.5153064390e-27   3.8624186437e-13   1.2966514827e-11
   1.9095405734e-25   1.2558764618e-10  -1.4691476152e-12   9.8612156948e-14  -9.2700281769e-27   6.0597413436e-26
  -1.5403965720e-26  -1.4691476152e-12   1.8575615798e-10  -2.2784983929e-11   8.0609261260e-26   3.3711526821e-26
   5.5153064390e-27   9.8612156948e-14  -2.2784983929e-11   7.8483442424e-12  -3.0800112113e-27   9.2849292895e-28
   3.8624186437e-13  -9.2700281769e-27   8.0609261260e-26  -3.0800112113e-27   3.3772169742e-12   2.1664588116e-13
   1.2966514827e-11   6.0597413436e-26   3.3711526821e-26   9.2849292895e-28   2.1664588116e-13   4.5816286129e-12

=============== station iea_r0020     r = 0.0200 ===============
source: OpenSG-RM (6-DOF drilling-Lagrange ring, MITC gamma_23)
homogenization wall-time: 1.60 s
diag([K]) [EA GA2 GA3 GJ EI2 EI3] = 6.443085e+10  7.963402e+09  8.361676e+09  1.978912e+11  2.972994e+11  7.362040e+11

Stiffness [K]:
   6.4430852440e+10  -7.1848487000e-06   1.4610666347e-04   5.1101417154e-05   4.3414857200e+09  -1.8255632057e+11
  -7.1848487000e-06   7.9634023655e+09   7.8772268742e+07   1.2860886690e+08  -1.4276740999e-04   1.9451007108e-04
   1.4610666347e-04   7.8772268742e+07   8.3616756414e+09   2.4274596592e+10  -7.6472798276e-05  -4.3435979516e-04
   5.1101417154e-05   1.2860886690e+08   2.4274596592e+10   1.9789120710e+11   2.1277598707e-04   6.8989152356e-05
   4.3414857200e+09  -1.4276740999e-04  -7.6472798276e-05   2.1277598707e-04   2.9729943884e+11  -2.6345121534e+10
  -1.8255632057e+11   1.9451007108e-04  -4.3435979516e-04   6.8989152356e-05  -2.6345121534e+10   7.3620395362e+11

Compliance [S] = inv([K]):
   5.2229680204e-11  -2.6012628048e-25  -2.7979649545e-25   1.6068221544e-26   3.8619446490e-13   1.2965201471e-11
  -2.6012628048e-25   1.2558740864e-10  -1.4694542779e-12   9.8633768378e-14   5.5099718231e-26  -9.6588968079e-26
  -2.7979649545e-25  -1.4694542779e-12   1.8575274328e-10  -2.2784660270e-11   7.1481081052e-26   4.5294242800e-26
   1.6068221544e-26   9.8633768378e-14  -2.2784660270e-11   7.8481291521e-12  -1.2610566655e-26  -1.0671272378e-26
   3.8619446490e-13   5.5099718231e-26   7.1481081052e-26  -1.2610566655e-26   3.3771679555e-12   2.1661679481e-13
   1.2965201471e-11  -9.6588968079e-26   4.5294242800e-26  -1.0671272378e-26   2.1661679481e-13   4.5810488455e-12

=============== station iea_r0049     r = 0.0490 ===============
source: OpenSG-RM (6-DOF drilling-Lagrange ring, MITC gamma_23)
homogenization wall-time: 1.70 s
diag([K]) [EA GA2 GA3 GJ EI2 EI3] = 3.290622e+10  3.332679e+09  3.285412e+09  7.317556e+10  1.492271e+11  3.918870e+11

Stiffness [K]:
   3.2906215864e+10  -2.9663388902e-05   2.3039532369e-05  -2.2167758797e-05   4.9046029753e+09  -9.4387808884e+10
  -2.9663388902e-05   3.3326794121e+09   1.8274915787e+08   6.6633057178e+07   8.8258967555e-06   1.1487480319e-04
   2.3039532369e-05   1.8274915787e+08   3.2854116045e+09   9.0794951809e+09   9.9770140304e-06  -4.6105752007e-05
  -2.2167758797e-05   6.6633057178e+07   9.0794951809e+09   7.3175563028e+10  -2.9108586126e-06   4.7115748679e-05
   4.9046029753e+09   8.8258967555e-06   9.9770140304e-06  -2.9108586126e-06   1.4922712836e+11  -2.6121883237e+10
  -9.4387808884e+10   1.1487480319e-04  -4.6105752007e-05   4.7115748679e-05  -2.6121883237e+10   3.9188701088e+11

Compliance [S] = inv([K]):
   9.8430719792e-11   8.6275535906e-26  -6.1528569602e-25   9.0816029244e-26   9.2565342096e-13   2.3769197549e-11
   8.6275535906e-26   3.0133943740e-10  -2.4354768211e-11   2.7474996340e-12  -3.1730676975e-26  -7.2863247368e-26
  -6.1528569602e-25  -2.4354768211e-11   4.6517930157e-10  -5.7696452470e-11  -2.4749312103e-26  -8.1039596026e-26
   9.0816029244e-26   2.7474996340e-12  -5.7696452470e-11   2.0822136856e-11   3.2152988135e-27   1.1990977413e-26
   9.2565342096e-13  -3.1730676975e-26  -2.4749312103e-26   3.2152988135e-27   6.7890127093e-12   6.7548091191e-13
   2.3769197549e-11  -7.2863247368e-26  -8.1039596026e-26   1.1990977413e-26   6.7548091191e-13   8.3217029872e-12

=============== station iea_r0066     r = 0.0660 ===============
source: OpenSG-RM (6-DOF drilling-Lagrange ring, MITC gamma_23)
homogenization wall-time: 1.60 s
diag([K]) [EA GA2 GA3 GJ EI2 EI3] = 3.000415e+10  2.236773e+09  2.107653e+09  4.381339e+10  1.227473e+11  3.975423e+11

Stiffness [K]:
   3.0004154702e+10   1.9418305896e-05  -1.5022606777e-05   1.0875783426e-05   4.4698398670e+09  -9.1095537677e+10
   1.9418305896e-05   2.2367733107e+09   1.5987244455e+08  -1.2213299690e+08   1.6797380915e-05  -8.2630957721e-05
  -1.5022606777e-05   1.5987244455e+08   2.1076526499e+09   5.7332102752e+09   1.1913277681e-06  -1.9217818878e-06
   1.0875783426e-05  -1.2213299690e+08   5.7332102752e+09   4.3813394334e+10  -4.0089930897e-05  -1.0128706040e-04
   4.4698398670e+09   1.6797380915e-05   1.1913277681e-06  -4.0089930897e-05   1.2274728782e+11  -2.5294681996e+10
  -9.1095537677e+10  -8.2630957721e-05  -1.9217818878e-06  -1.0128706040e-04  -2.5294681996e+10   3.9754231048e+11

Compliance [S] = inv([K]):
   1.0970465184e-10  -1.1686892392e-25   1.1280538895e-24  -1.1577898447e-25   1.2011712747e-12   2.5214894683e-11
  -1.1686892392e-25   4.5174237283e-10  -5.8522834150e-11   8.9172813436e-12  -4.0371245876e-26   6.6536884292e-26
   1.1280538895e-24  -5.8522834150e-11   7.4426657274e-10  -9.7554284400e-11  -2.6117076667e-26   2.2340662514e-25
  -1.1577898447e-25   8.9172813436e-12  -9.7554284400e-11   3.5614412983e-11   1.2424894863e-26  -1.5283959161e-26
   1.2011712747e-12  -4.0371245876e-26  -2.6117076667e-26   1.2424894863e-26   8.2682101971e-12   8.0133128558e-13
   2.5214894683e-11   6.6536884292e-26   2.2340662514e-25  -1.5283959161e-26   8.0133128558e-13   8.3443541007e-12

=============== station iea_r0083     r = 0.0830 ===============
source: OpenSG-RM (6-DOF drilling-Lagrange ring, MITC gamma_23)
homogenization wall-time: 1.60 s
diag([K]) [EA GA2 GA3 GJ EI2 EI3] = 2.939897e+10  1.591667e+09  1.479155e+09  2.935792e+10  1.024076e+11  4.158257e+11

Stiffness [K]:
   2.9398972952e+10  -9.2304904454e-06  -5.0816968659e-06  -1.8633239004e-05   4.0339267328e+09  -9.2896105119e+10
  -9.2304904454e-06   1.5916672404e+09   1.4064544342e+08  -1.9306464223e+07  -9.0288841503e-08  -1.2054084291e-04
  -5.0816968659e-06   1.4064544342e+08   1.4791550038e+09   4.1049392635e+09   2.4686951687e-06  -5.4385813853e-07
  -1.8633239004e-05  -1.9306464223e+07   4.1049392635e+09   2.9357921620e+10   1.0932894634e-05   1.5426741436e-04
   4.0339267328e+09  -9.0288841503e-08   2.4686951687e-06   1.0932894634e-05   1.0240759659e+11  -2.4306251701e+10
  -9.2896105119e+10  -1.2054084291e-04  -5.4385813853e-07   1.5426741436e-04  -2.4306251701e+10   4.1582574753e+11

Compliance [S] = inv([K]):
   1.1592132586e-10   2.5912968114e-24   5.4007031783e-25  -1.3740662224e-25   1.6025940382e-12   2.5990677082e-11
   2.5912968114e-24   6.3736711474e-10  -1.0093320008e-10   1.4532021951e-11   8.0428740638e-26   7.6283963306e-25
   5.4007031783e-25  -1.0093320008e-10   1.1207286205e-09  -1.5677102899e-10   4.2603427020e-27   1.5126910252e-25
  -1.3740662224e-25   1.4532021951e-11  -1.5677102899e-10   5.5992250934e-11  -8.1511424586e-27  -4.7938355580e-26
   1.6025940382e-12   8.0428740638e-26   4.2603427020e-27  -8.1511424586e-27   9.9244375261e-12   9.3813483908e-13
   2.5990677082e-11   7.6283963306e-25   1.5126910252e-25  -4.7938355580e-26   9.3813483908e-13   8.2660470936e-12

=============== station iea_r0102     r = 0.1020 ===============
source: OpenSG-RM (6-DOF drilling-Lagrange ring, MITC gamma_23)
homogenization wall-time: 1.50 s
diag([K]) [EA GA2 GA3 GJ EI2 EI3] = 2.874718e+10  1.071577e+09  1.000422e+09  1.866604e+10  8.133077e+10  4.065607e+11

Stiffness [K]:
   2.8747177782e+10  -7.6101391517e-06  -5.3409136789e-06   3.3181902501e-06   3.3364196968e+09  -9.1391468022e+10
  -7.6101391517e-06   1.0715770995e+09   1.2336774276e+08   1.4569348758e+08  -4.5026852218e-06   7.5337078158e-05
  -5.3409136789e-06   1.2336774276e+08   1.0004222446e+09   2.8067351274e+09  -8.1212257015e-07  -4.4320009354e-05
   3.3181902501e-06   1.4569348758e+08   2.8067351274e+09   1.8666040818e+10   6.0462874162e-05   1.9125324039e-06
   3.3364196968e+09  -4.5026852218e-06  -8.1212257015e-07   6.0462874162e-05   8.1330773290e+10  -2.1460031680e+10
  -9.1391468022e+10   7.5337078158e-05  -4.4320009354e-05   1.9125324039e-06  -2.1460031680e+10   4.0656068009e+11

Compliance [S] = inv([K]):
   1.2231608397e-10  -1.4060744717e-24   3.6503289623e-24  -5.6983251120e-25   2.2688781312e-12   2.7615402137e-11
  -1.4060744717e-24   9.4999084884e-10  -1.6664755655e-10   1.7643166762e-11  -3.9722580420e-26  -5.1245673125e-25
   3.6503289623e-24  -1.6664755655e-10   1.7581851337e-09  -2.6307027610e-10   3.3437397376e-25   1.0619946095e-24
  -5.6983251120e-25   1.7643166762e-11  -2.6307027610e-10   9.2992301227e-11  -9.1017872817e-26  -1.6528255675e-25
   2.2688781312e-12  -3.9722580420e-26   3.3437397376e-25  -9.1017872817e-26   1.2511221885e-11   1.1704214020e-12
   2.7615402137e-11  -5.1245673125e-25   1.0619946095e-24  -1.6528255675e-25   1.1704214020e-12   8.7291506421e-12

=============== station iea_r0110     r = 0.1100 ===============
source: OpenSG-RM (6-DOF drilling-Lagrange ring, MITC gamma_23)
homogenization wall-time: 1.40 s
diag([K]) [EA GA2 GA3 GJ EI2 EI3] = 2.825042e+10  9.221202e+08  8.593948e+08  1.550568e+10  7.354052e+10  3.851203e+11

Stiffness [K]:
   2.8250421075e+10  -9.8088469633e-06  -1.6382278387e-05  -8.2868174787e-06   2.9647434374e+09  -8.8279079402e+10
  -9.8088469633e-06   9.2212022996e+08   1.1548159890e+08   1.8181827278e+08   1.9245621525e-05  -4.4295656268e-05
  -1.6382278387e-05   1.1548159890e+08   8.5939480823e+08   2.3953515475e+09   5.2688921406e-06  -2.4781106306e-05
  -8.2868174787e-06   1.8181827278e+08   2.3953515475e+09   1.5505682358e+10   3.8800099712e-05   5.4458396108e-05
   2.9647434374e+09   1.9245621525e-05   5.2688921406e-06   3.8800099712e-05   7.3540521019e+10  -1.9562571928e+10
  -8.8279079402e+10  -4.4295656268e-05  -2.4781106306e-05   5.4458396108e-05  -1.9562571928e+10   3.8512026240e+11

Compliance [S] = inv([K]):
   1.2526854989e-10   2.1609402735e-24   5.4407167943e-24  -9.0676839603e-25   2.6237294560e-12   2.8847921658e-11
   2.1609402735e-24   1.1057291758e-09  -1.9747191130e-10   1.7540207075e-11  -2.1291350079e-25   5.9651729672e-25
   5.4407167943e-24  -1.9747191130e-10   2.0787698308e-09  -3.1881734806e-10   2.2797965858e-25   1.4148585293e-24
  -9.0676839603e-25   1.7540207075e-11  -3.1881734806e-10   1.1353840852e-10  -7.0531142445e-26  -2.4598877354e-25
   2.6237294560e-12  -2.1291350079e-25   2.2797965858e-25  -7.0531142445e-26   1.3839155207e-11   1.3043974550e-12
   2.8847921658e-11   5.9651729672e-25   1.4148585293e-24  -2.4598877354e-25   1.3043974550e-12   9.2755060807e-12

=============== station iea_r0136     r = 0.1360 ===============
source: OpenSG-RM (6-DOF drilling-Lagrange ring, MITC gamma_23)
homogenization wall-time: 1.40 s
diag([K]) [EA GA2 GA3 GJ EI2 EI3] = 2.777631e+10  7.286525e+08  6.133842e+08  9.313060e+09  5.491707e+10  3.424779e+11

Stiffness [K]:
   2.7776305684e+10   2.6888129197e-06  -3.6919780929e-06  -1.1841585703e-05   2.2323445187e+09  -8.2416468955e+10
   2.6888129197e-06   7.2865246447e+08   9.2009580943e+07   1.5722474655e+08  -1.3022090242e-05   1.1421980461e-05
  -3.6919780929e-06   9.2009580943e+07   6.1338420666e+08   1.5874441416e+09  -9.5478715091e-06   2.5937627967e-06
  -1.1841585703e-05   1.5722474655e+08   1.5874441416e+09   9.3130595794e+09   9.0235676432e-06   1.9740164863e-05
   2.2323445187e+09  -1.3022090242e-05  -9.5478715091e-06   9.0235676432e-06   5.4917073804e+10  -1.5092490730e+10
  -8.2416468955e+10   1.1421980461e-05   2.5937627967e-06   1.9740164863e-05  -1.5092490730e+10   3.4247791839e+11

Compliance [S] = inv([K]):
   1.2647218929e-10  -9.9926475966e-25   9.8181956787e-25  -5.7652390476e-26   3.2628086515e-12   3.0579008483e-11
  -9.9926475966e-25   1.4013583325e-09  -2.6657821228e-10   2.1781221410e-11   2.4726048107e-25  -2.7554742424e-25
   9.8181956787e-25  -2.6657821228e-10   2.9678746411e-09  -5.0138437109e-10   5.7131648287e-25   2.7676233712e-25
  -5.7652390476e-26   2.1781221410e-11  -5.0138437109e-10   1.9247113371e-10  -1.1874357190e-25  -2.7129828455e-26
   3.2628086515e-12   2.4726048107e-25   5.7131648287e-25  -1.1874357190e-25   1.8516686266e-11   1.6011896076e-12
   3.0579008483e-11  -2.7554742424e-25   2.7676233712e-25  -2.7129828455e-26   1.6011896076e-12   1.0349221519e-11

=============== station iea_r0156     r = 0.1560 ===============
source: OpenSG-RM (6-DOF drilling-Lagrange ring, MITC gamma_23)
homogenization wall-time: 1.30 s
diag([K]) [EA GA2 GA3 GJ EI2 EI3] = 2.773148e+10  7.331727e+08  5.201303e+08  6.658093e+09  4.564471e+10  3.083517e+11

Stiffness [K]:
   2.7731480944e+10   9.2510716075e-06  -3.5420802369e-06   4.2429777594e-06   2.3209421778e+09  -7.8210844346e+10
   9.2510716075e-06   7.3317267837e+08   7.8816448810e+07   9.1556424069e+07  -7.3369127265e-06  -3.8247059193e-06
  -3.5420802369e-06   7.8816448810e+07   5.2013026326e+08   1.2236569905e+09  -1.9438079883e-07  -2.9522560086e-05
   4.2429777594e-06   9.1556424069e+07   1.2236569905e+09   6.6580929644e+09   2.1740724119e-05   7.8065228013e-07
   2.3209421778e+09  -7.3369127265e-06  -1.9438079883e-07   2.1740724119e-05   4.5644712044e+10  -1.4005763576e+10
  -7.8210844346e+10  -3.8247059193e-06  -2.9522560086e-05   7.8065228013e-07  -1.4005763576e+10   3.0835172528e+11

Compliance [S] = inv([K]):
   1.2722231107e-10  -1.8626518919e-24   5.5611252821e-24  -1.0926803166e-24   3.4809975670e-12   3.2426990276e-11
  -1.8626518919e-24   1.3910177598e-09  -2.9206302756e-10   3.4548684536e-11   1.5447761253e-25  -4.7622624801e-25
   5.5611252821e-24  -2.9206302756e-10   3.4483908802e-09  -6.2974599224e-10   5.2574159204e-25   1.7625443807e-24
  -1.0926803166e-24   3.4548684536e-11  -6.2974599224e-10   2.6545588070e-10  -1.7404790886e-25  -3.4559212536e-25
   3.4809975670e-12   1.5447761253e-25   5.2574159204e-25  -1.7404790886e-25   2.2313245834e-11   1.8964246239e-12
   3.2426990276e-11  -4.7622624801e-25   1.7625443807e-24  -3.4559212536e-25   1.8964246239e-12   1.1554023772e-11

=============== station iea_r0197     r = 0.1970 ===============
source: OpenSG-RM (6-DOF drilling-Lagrange ring, MITC gamma_23)
homogenization wall-time: 1.20 s
diag([K]) [EA GA2 GA3 GJ EI2 EI3] = 2.764916e+10  7.197351e+08  4.248344e+08  4.288133e+09  3.549900e+10  2.507706e+11

Stiffness [K]:
   2.7649161327e+10   9.1359744168e-06  -4.6446045159e-06   4.6157270216e-06   1.7092349536e+09  -7.0986697773e+10
   9.1359744168e-06   7.1973507982e+08   5.9095095635e+07   4.3431630056e+07  -5.2436892411e-06   4.4892614039e-06
  -4.6446045159e-06   5.9095095635e+07   4.2483444995e+08   8.9363670375e+08  -5.6512955298e-06   1.0304608625e-05
   4.6157270216e-06   4.3431630056e+07   8.9363670375e+08   4.2881326363e+09   4.6413437293e-07  -1.7921606763e-05
   1.7092349536e+09  -5.2436892411e-06  -5.6512955298e-06   4.6413437293e-07   3.5498999778e+10  -9.9851504821e+09
  -7.0986697773e+10   4.4892614039e-06   1.0304608625e-05  -1.7921606763e-05  -9.9851504821e+09   2.5077062345e+11

Compliance [S] = inv([K]):
   1.3299476641e-10  -1.9940349997e-24   1.4201226688e-24  -2.6132104742e-25   4.2333209377e-12   3.7815951107e-11
  -1.9940349997e-24   1.4108371018e-09  -2.9590614651e-10   4.7376715122e-11   9.6259256752e-26  -5.7033853250e-25
   1.4201226688e-24  -2.9590614651e-10   4.2531306371e-09  -8.8334533424e-10   6.3126248576e-25   1.9453496833e-25
  -2.6132104742e-25   4.7376715122e-11  -8.8334533424e-10   4.1680897407e-10  -1.3041178053e-25  -1.3928152352e-26
   4.2333209377e-12   9.6259256752e-26   6.3126248576e-25  -1.3041178053e-25   2.8623631812e-11   2.3380758755e-12
   3.7815951107e-11  -5.7033853250e-25   1.9453496833e-25  -1.3928152352e-26   2.3380758755e-12   1.4785525835e-11

=============== station iea_r0247     r = 0.2470 ===============
source: OpenSG-RM (6-DOF drilling-Lagrange ring, MITC gamma_23)
homogenization wall-time: 1.10 s
diag([K]) [EA GA2 GA3 GJ EI2 EI3] = 2.724281e+10  6.992318e+08  3.766718e+08  3.313185e+09  2.837114e+10  2.156352e+11

Stiffness [K]:
   2.7242811037e+10   6.3850946509e-06  -1.1412123834e-05   7.3431418601e-06   1.0580883830e+09  -6.4828965664e+10
   6.3850946509e-06   6.9923180372e+08   4.1721243607e+07   2.1152833939e+07  -6.5905632919e-06  -4.8781478035e-05
  -1.1412123834e-05   4.1721243607e+07   3.7667178943e+08   7.3270874556e+08   8.0856498585e-06   1.7971229349e-05
   7.3431418601e-06   2.1152833939e+07   7.3270874556e+08   3.3131853920e+09  -5.4514327078e-06  -2.2208526671e-05
   1.0580883830e+09  -6.5905632919e-06   8.0856498585e-06  -5.4514327078e-06   2.8371137672e+10  -6.0749777314e+09
  -6.4828965664e+10  -4.8781478035e-05   1.7971229349e-05  -2.2208526671e-05  -6.0749777314e+09   2.1563524514e+11

Compliance [S] = inv([K]):
   1.2933962607e-10   1.3975815500e-24   3.3056604309e-24  -7.5951601754e-25   3.5238353740e-12   3.8984171598e-11
   1.3975815500e-24   1.4436190812e-09  -2.4915200879e-10   4.5883101346e-11   5.3161452686e-25   7.8721708547e-25
   3.3056604309e-24  -2.4915200879e-10   4.7021005427e-09  -1.0382757111e-09  -1.6366884837e-24   3.9253599792e-25
  -7.5951601754e-25   4.5883101346e-11  -1.0382757111e-09   5.3114538669e-10   4.2306909574e-25  -6.4809486773e-26
   3.5238353740e-12   5.3161452686e-25  -1.6366884837e-24   4.2306909574e-25   3.5557011083e-11   2.0611410380e-12
   3.8984171598e-11   7.8721708547e-25   3.9253599792e-25  -6.4809486773e-26   2.0611410380e-12   1.6415799307e-11

=============== station iea_r0399     r = 0.3990 ===============
source: OpenSG-RM (6-DOF drilling-Lagrange ring, MITC gamma_23)
homogenization wall-time: 1.10 s
diag([K]) [EA GA2 GA3 GJ EI2 EI3] = 2.456479e+10  6.013010e+08  2.744513e+08  1.512674e+09  1.438745e+10  1.115035e+11

Stiffness [K]:
   2.4564789735e+10   2.1436454363e-06  -3.1569759412e-06  -7.4607091410e-07   3.4600387773e+08  -4.3839090546e+10
   2.1436454363e-06   6.0130103760e+08   1.7130851560e+07  -3.7712659908e+06   6.5601138796e-06   3.7718945906e-06
  -3.1569759412e-06   1.7130851560e+07   2.7445134126e+08   3.9869975176e+08   1.3690016728e-06   2.9772328254e-06
  -7.4607091410e-07  -3.7712659908e+06   3.9869975176e+08   1.5126739860e+09   4.2069242676e-07   4.8142926172e-07
   3.4600387773e+08   6.5601138796e-06   1.3690016728e-06   4.2069242676e-07   1.4387445192e+10  -1.6258894246e+09
  -4.3839090546e+10   3.7718945906e-06   2.9772328254e-06   4.8142926172e-07  -1.6258894246e+09   1.1150354307e+11

Compliance [S] = inv([K]):
   1.3655818399e-10  -9.0096753348e-25   1.5583529595e-24  -3.6350912725e-25   2.7878384211e-12   5.3730304388e-11
  -9.0096753348e-25   1.6684686811e-09  -1.7855381221e-10   5.1221611871e-11  -7.7076197223e-25  -4.1736003217e-25
   1.5583529595e-24  -1.7855381221e-10   5.9235185632e-09  -1.5617236605e-09  -4.2192182237e-25   4.6115512178e-25
  -3.6350912725e-25   5.1221611871e-11  -1.5617236605e-09   1.0728365934e-09   9.0610430709e-26  -1.0626271758e-25
   2.7878384211e-12  -7.7076197223e-25  -4.2192182237e-25   9.0610430709e-26   6.9676677822e-11   2.1120662904e-12
   5.3730304388e-11  -4.1736003217e-25   4.6115512178e-25  -1.0626271758e-25   2.1120662904e-12   3.0123900755e-11

=============== station iea_r0534     r = 0.5340 ===============
source: OpenSG-RM (6-DOF drilling-Lagrange ring, MITC gamma_23)
homogenization wall-time: 1.10 s
diag([K]) [EA GA2 GA3 GJ EI2 EI3] = 2.037707e+10  5.154228e+08  1.818251e+08  5.758534e+08  5.604768e+09  5.018597e+10

Stiffness [K]:
   2.0377074248e+10  -3.4648310470e-06   2.4578777562e-06  -1.0542100961e-06   2.2643331797e+08  -2.6929016519e+10
  -3.4648310470e-06   5.1542280428e+08   3.7483189328e+06  -1.3771516933e+07   1.5536062850e-06   2.3668111568e-05
   2.4578777562e-06   3.7483189328e+06   1.8182507860e+08   1.8975986855e+08   3.6221335555e-06   4.8840783810e-06
  -1.0542100961e-06  -1.3771516933e+07   1.8975986855e+08   5.7585338637e+08  -1.2847999414e-06   1.6450371182e-06
   2.2643331797e+08   1.5536062850e-06   3.6221335555e-06  -1.2847999414e-06   5.6047675573e+09  -3.9093961969e+08
  -2.6929016519e+10   2.3668111568e-05   4.8840783810e-06   1.6450371182e-06  -3.9093961969e+08   5.0185973999e+10

Compliance [S] = inv([K]):
   1.6870998575e-10  -2.9084909143e-24  -7.0430885999e-24   2.3004782380e-24  -5.0179318819e-13   9.0523257004e-11
  -2.9084909143e-24   1.9435671085e-09  -1.3500454388e-10   9.0968140649e-11  -4.8548716044e-25  -2.4708782657e-24
  -7.0430885999e-24  -1.3500454388e-10   8.3920380566e-09  -2.7686409311e-09  -6.0492212148e-24  -4.4886222879e-24
   2.3004782380e-24   9.0968140649e-11  -2.7686409311e-09   2.6510735971e-09   2.3759516127e-24   1.3925518480e-24
  -5.0179318819e-13  -4.8548716044e-25  -6.0492212148e-24   2.3759516127e-24   1.7851802057e-10   1.1213684926e-12
   9.0523257004e-11  -2.4708782657e-24  -4.4886222879e-24   1.3925518480e-24   1.1213684926e-12   6.8507999280e-11

=============== station iea_r0739     r = 0.7390 ===============
source: OpenSG-RM (6-DOF drilling-Lagrange ring, MITC gamma_23)
homogenization wall-time: 1.00 s
diag([K]) [EA GA2 GA3 GJ EI2 EI3] = 1.214256e+10  4.298983e+08  9.689624e+07  1.456026e+08  1.045177e+09  1.313114e+10

Stiffness [K]:
   1.2142560343e+10   1.7596847343e-06  -3.7205459330e-07   1.4160159359e-06   1.8082629615e+08  -1.0855360433e+10
   1.7596847343e-06   4.2989825142e+08  -2.0540388614e+05  -1.0318235365e+07  -2.2919812502e-07  -4.6387150431e-06
  -3.7205459330e-07  -2.0540388614e+05   9.6896241228e+07   7.0134849014e+07   2.8835414329e-08  -9.6785728950e-07
   1.4160159359e-06  -1.0318235365e+07   7.0134849014e+07   1.4560260310e+08  -1.5785311970e-07  -1.3246599704e-06
   1.8082629615e+08  -2.2919812502e-07   2.8835414329e-08  -1.5785311970e-07   1.0451770638e+09  -8.9238545493e+07
  -1.0855360433e+10  -4.6387150431e-06  -9.6785728950e-07  -1.3246599704e-06  -8.9238545493e+07   1.3131142968e+10

Compliance [S] = inv([K]):
   3.1669714067e-10   1.4205722896e-24   6.6031151434e-24  -3.8152173751e-24  -3.2457018373e-11   2.6158920067e-10
   1.4205722896e-24   2.3320497129e-09  -1.7605889731e-10   2.5006765829e-10   4.8018214300e-25   2.0137046607e-24
   6.6031151434e-24  -1.7605889731e-10   1.5857834691e-08  -7.6509858694e-09  -2.2807096284e-24   5.7780306685e-24
  -3.8152173751e-24   2.5006765829e-10  -7.6509858694e-09   1.0571109052e-08   2.3050370613e-24  -2.5475167314e-24
  -3.2457018373e-11   4.8018214300e-25  -2.2807096284e-24   2.3050370613e-24   9.6065756146e-10  -2.0303255411e-11
   2.6158920067e-10   2.0137046607e-24   5.7780306685e-24  -2.5475167314e-24  -2.0303255411e-11   2.9226954843e-10

=============== station iea_r0980     r = 0.9800 ===============
source: OpenSG-RM (6-DOF drilling-Lagrange ring, MITC gamma_23)
homogenization wall-time: 1.00 s
diag([K]) [EA GA2 GA3 GJ EI2 EI3] = 9.364152e+08  7.094273e+07  9.973700e+06  4.159727e+06  1.152470e+07  2.515871e+08

Stiffness [K]:
   9.3641517662e+08  -3.0660009983e-07  -5.5743478737e-08   9.5641675138e-09   1.5594843378e+07  -4.2780161237e+08
  -3.0660009983e-07   7.0942734605e+07   3.8960207583e+05  -1.3201580095e+06   3.7319160464e-08   2.2981635807e-07
  -5.5743478737e-08   3.8960207583e+05   9.9737000794e+06   4.1116978877e+06   3.9656401021e-09  -4.1272421800e-08
   9.5641675138e-09  -1.3201580095e+06   4.1116978877e+06   4.1597272691e+06  -2.8986533774e-10  -1.8306049960e-08
   1.5594843378e+07   3.7319160464e-08   3.9656401021e-09  -2.8986533774e-10   1.1524697484e+07  -5.1139389386e+06
  -4.2780161237e+08   2.2981635807e-07  -4.1272421800e-08  -1.8306049960e-08  -5.1139389386e+06   2.5158708867e+08

Compliance [S] = inv([K]):
   4.8826034921e-09  -5.7688896684e-24   8.9972666565e-23  -6.5923062953e-23  -2.9494817146e-09   8.2424825060e-09
  -5.7688896684e-24   1.4277990877e-08  -4.0941526018e-09   8.5782360984e-09  -4.7392821140e-23  -2.3862759274e-23
   8.9972666565e-23  -4.0941526018e-09   1.7039369300e-07  -1.6972562629e-07  -9.5784744214e-23   1.7038661457e-22
  -6.5923062953e-23   8.5782360984e-09  -1.6972562629e-07   4.1088874717e-07   7.8565623697e-23  -1.1628128319e-22
  -2.9494817146e-09  -4.7392821140e-23  -9.5784744214e-23   7.8565623697e-23   8.9341661934e-08  -3.1993105593e-09
   8.2424825060e-09  -2.3862759274e-23   1.7038661457e-22  -1.1628128319e-22  -3.1993105593e-09   1.7925348439e-08

=============== station iea_r1000     r = 1.0000 ===============
source: OpenSG-RM (6-DOF drilling-Lagrange ring, MITC gamma_23)
homogenization wall-time: 0.60 s
diag([K]) [EA GA2 GA3 GJ EI2 EI3] = 2.655811e+08  1.567337e+07  1.881546e+06  8.258835e+04  3.043648e+05  6.325048e+06

Stiffness [K]:
   2.6558107579e+08  -2.7974205521e-08   3.3290838583e-08  -9.3990160258e-10   1.4088552158e+06  -3.6882867071e+07
  -2.7974205521e-08   1.5673365506e+07   1.9371061294e+05  -7.1972640943e+04  -4.4560136298e-09   2.3620082253e-09
   3.3290838583e-08   1.9371061294e+05   1.8815462852e+06   2.4869766755e+05   9.2702055464e-10  -1.9357939896e-09
  -9.3990160258e-10  -7.1972640943e+04   2.4869766755e+05   8.2588349402e+04   1.5735538867e-10   5.1805139205e-10
   1.4088552158e+06  -4.4560136298e-09   9.2702055464e-10   1.5735538867e-10   3.0436478956e+05  -1.3602580514e+05
  -3.6882867071e+07   2.3620082253e-09  -1.9357939896e-09   5.1805139205e-10  -1.3602580514e+05   6.3250482404e+06

Compliance [S] = inv([K]):
   2.0304214275e-08   1.1966573470e-23  -2.7259209892e-22   4.0428247488e-22  -4.1469081837e-08   1.1750689364e-07
   1.1966573470e-23   6.4675059735e-08  -2.3436572543e-08   1.2693625499e-07   9.1860086227e-22   4.7813715570e-23
  -2.7259209892e-22  -2.3436572543e-08   8.9138205891e-07  -2.7046360968e-06  -8.9211516718e-22  -1.1056514769e-21
   4.0428247488e-22   1.2693625499e-07  -2.7046360968e-06   2.0363315631e-05  -2.4091376318e-21  -2.3735706626e-22
  -4.1469081837e-08   9.1860086227e-22  -8.9211516718e-22  -2.4091376318e-21   3.4021119550e-06  -1.6865066867e-07
   1.1750689364e-07   4.7813715570e-23  -1.1056514769e-21  -2.3735706626e-22  -1.6865066867e-07   8.3968534199e-07

