[info]     PreVABS 2.0.0 (VABS 4.0, SwiftComp 2.1)
[info]     prevabs start (2026-06-21 15:46:56)
[info]     reading input files
[info]     reading main input file: mh104.xml
[info]     reading airfoil data file: mh104.dat
[info]     reading materials file: C:\Users\bagla0\OneDrive - purdue.edu\2026_195\PreVABS\prevabs-v2.0.1-windows-x64-full\prevabs-v2.0.1-windows-x64-full\MaterialDB.xml
[warning]  material '3K70P/NB321 fabric': <nu23> not specified, using default 0.3; provide nu23 explicitly for accuracy
[warning]  material '3G150 NASS/NCT321': <nu23> not specified, using default 0.3; provide nu23 explicitly for accuracy
[warning]  material 'S2/SP381': <nu23> not specified, using default 0.3; provide nu23 explicitly for accuracy
[warning]  material 'T650 3K-70-PW/7740 Fabric': <nu23> not specified, using default 0.3; provide nu23 explicitly for accuracy
[warning]  material 'G30-500 12K/7740': <nu23> not specified, using default 0.3; provide nu23 explicitly for accuracy
[warning]  material 'T300 3KPW/E765': <nu23> not specified, using default 0.3; provide nu23 explicitly for accuracy
[warning]  material 'T700 24KP/E765': <nu23> not specified, using default 0.3; provide nu23 explicitly for accuracy
[warning]  material 'T300 3KPW/E765': <nu23> not specified, using default 0.3; provide nu23 explicitly for accuracy
[warning]  material 'T300 6K 5HS/E765': <nu23> not specified, using default 0.3; provide nu23 explicitly for accuracy
[warning]  material 'T700GC-12K-31E': <nu23> not specified, using default 0.3; provide nu23 explicitly for accuracy
[warning]  material 'HITEX 33 6k/E7K8': <nu23> not specified, using default 0.3; provide nu23 explicitly for accuracy
[warning]  material 'AS4 12k/E7K8': <nu23> not specified, using default 0.3; provide nu23 explicitly for accuracy
[warning]  material 'Celion 3000/E7K8 fabric': <nu23> not specified, using default 0.3; provide nu23 explicitly for accuracy
[warning]  material 'HITEX 33 6k/E7K8 fabric': <nu23> not specified, using default 0.3; provide nu23 explicitly for accuracy
[warning]  material 'GY-70/934': <nu23> not specified, using default 0.3; provide nu23 explicitly for accuracy
[warning]  material 'E-Glass 7781/EA 9396': <nu23> not specified, using default 0.3; provide nu23 explicitly for accuracy
[warning]  material 'T650-35 12k/976': <nu23> not specified, using default 0.3; provide nu23 explicitly for accuracy
[warning]  material 'S2-449 43k/SP381': <nu23> not specified, using default 0.3; provide nu23 explicitly for accuracy
[warning]  material '7781/EA9396 fabric': <nu23> not specified, using default 0.3; provide nu23 explicitly for accuracy
[warning]  material 'Celion 12k/938': <nu23> not specified, using default 0.3; provide nu23 explicitly for accuracy
[warning]  material 'AS4 12k/3502': <nu23> not specified, using default 0.3; provide nu23 explicitly for accuracy
[warning]  material 'T300 15k/976': <nu23> not specified, using default 0.3; provide nu23 explicitly for accuracy
[warning]  material 'AS4 6k/PR 500_fabric': <nu23> not specified, using default 0.3; provide nu23 explicitly for accuracy
[warning]  material 'T300 3k/EA 9396_fabric': <nu23> not specified, using default 0.3; provide nu23 explicitly for accuracy
[warning]  material 'T650-35 3k 976_fabric': <nu23> not specified, using default 0.3; provide nu23 explicitly for accuracy
[warning]  material 'AS4/5250-3': <nu23> not specified, using default 0.3; provide nu23 explicitly for accuracy
[warning]  material 'Celion 3000/F670_fabric': <nu23> not specified, using default 0.3; provide nu23 explicitly for accuracy
[warning]  material 'IM6 12k/APC-2': <nu23> not specified, using default 0.3; provide nu23 explicitly for accuracy
[warning]  material 'S2-449 17k/SP 381': <nu23> not specified, using default 0.3; provide nu23 explicitly for accuracy
[info]     reading materials file: materials.xml
[info]     reading input files -- done
[info]     building the shape
[info]     building the cross section, step 1
[info]     building component: surface
[info]     building component: web1
[info]     building component: web2
[info]     building the cross section, step 2
[info]     building component details: surface
[info]     building component details: web1
[info]     building component details: web2
[info]     fixing geometry
[info]     building the shape -- done
[info]     modeling in Gmsh
[info]     creating gmsh vertices
[info]     creating gmsh edges
[info]     creating gmsh faces
[info]     creating physical groups
[info]     meshing
[info]     modeling in Gmsh -- done
[info]     writing outputs
[info]     writing sg file: mh104.sg
[info]     writing nodes
[info]     writing elements
[info]       writing connectivity
[info]       writing local orientation
[info]     writing material id-name file: mh104.sg.mat
[info]     writing outputs -- done
[info]     prevabs finished (2026-06-21 15:46:56)
[info]     total running time: 0.756289 sec
